#
# There is insufficient memory for the Java Runtime Environment to continue.
# Native memory allocation (malloc) failed to allocate 1656496 bytes for Chunk::new
# Possible reasons:
#   The system is out of physical RAM or swap space
#   In 32 bit mode, the process size limit was hit
# Possible solutions:
#   Reduce memory load on the system
#   Increase physical memory or swap space
#   Check if swap backing store is full
#   Use 64 bit Java on a 64 bit OS
#   Decrease Java heap size (-Xmx/-Xms)
#   Decrease number of Java threads
#   Decrease Java thread stack sizes (-Xss)
#   Set larger code cache with -XX:ReservedCodeCacheSize=
# This output file may be truncated or incomplete.
#
#  Out of Memory Error (allocation.cpp:390), pid=11540, tid=0x0000000000003320
#
# JRE version: Java(TM) SE Runtime Environment (8.0_152-b16) (build 1.8.0_152-b16)
# Java VM: Java HotSpot(TM) 64-Bit Server VM (25.152-b16 mixed mode windows-amd64 compressed oops)
# Failed to write core dump. Minidumps are not enabled by default on client versions of Windows
#

---------------  T H R E A D  ---------------

Current thread (0x0000000058951000):  JavaThread "C2 CompilerThread2" daemon [_thread_in_native, id=13088, stack(0x000000005a2a0000,0x000000005a3a0000)]

Stack: [0x000000005a2a0000,0x000000005a3a0000]
[error occurred during error reporting (printing stack bounds), id 0xc0000005]

Native frames: (J=compiled Java code, j=interpreted, Vv=VM code, C=native code)


Current CompileTask:
C2:   8758 4171   !   4       org.springframework.core.annotation.AnnotatedElementUtils::searchOnInterfaces (86 bytes)


---------------  P R O C E S S  ---------------

Java Threads: ( => current thread )
  0x000000005c98e000 JavaThread "DestroyJavaVM" [_thread_blocked, id=5392, stack(0x0000000002520000,0x0000000002620000)]
  0x000000005c98d800 JavaThread "http-nio-80-AsyncTimeout" daemon [_thread_blocked, id=6508, stack(0x00000000673f0000,0x00000000674f0000)]
  0x000000005c98c800 JavaThread "http-nio-80-Acceptor-0" daemon [_thread_in_native, id=13132, stack(0x00000000672c0000,0x00000000673c0000)]
  0x000000005c98c000 JavaThread "http-nio-80-ClientPoller-1" daemon [_thread_in_native, id=13164, stack(0x00000000670c0000,0x00000000671c0000)]
  0x000000005c98b000 JavaThread "http-nio-80-ClientPoller-0" daemon [_thread_in_native, id=13292, stack(0x0000000066ed0000,0x0000000066fd0000)]
  0x000000005c98a800 JavaThread "http-nio-80-exec-10" daemon [_thread_blocked, id=12340, stack(0x0000000066d60000,0x0000000066e60000)]
  0x000000005c989800 JavaThread "http-nio-80-exec-9" daemon [_thread_blocked, id=12224, stack(0x0000000066b90000,0x0000000066c90000)]
  0x000000005c989000 JavaThread "http-nio-80-exec-8" daemon [_thread_blocked, id=11368, stack(0x0000000066940000,0x0000000066a40000)]
  0x000000005c988000 JavaThread "http-nio-80-exec-7" daemon [_thread_blocked, id=12296, stack(0x00000000664c0000,0x00000000665c0000)]
  0x000000005c987800 JavaThread "http-nio-80-exec-6" daemon [_thread_blocked, id=10700, stack(0x0000000066830000,0x0000000066930000)]
  0x000000005c986800 JavaThread "http-nio-80-exec-5" daemon [_thread_blocked, id=10580, stack(0x0000000066600000,0x0000000066700000)]
  0x000000005c986000 JavaThread "http-nio-80-exec-4" daemon [_thread_blocked, id=9612, stack(0x0000000065ea0000,0x0000000065fa0000)]
  0x000000005c985000 JavaThread "http-nio-80-exec-3" daemon [_thread_blocked, id=11860, stack(0x00000000663a0000,0x00000000664a0000)]
  0x000000005c984800 JavaThread "http-nio-80-exec-2" daemon [_thread_blocked, id=11800, stack(0x00000000661e0000,0x00000000662e0000)]
  0x000000005c983800 JavaThread "http-nio-80-exec-1" daemon [_thread_blocked, id=1200, stack(0x0000000065fe0000,0x00000000660e0000)]
  0x000000005c983000 JavaThread "NioBlockingSelector.BlockPoller-1" daemon [_thread_in_native, id=8384, stack(0x000000005cc90000,0x000000005cd90000)]
  0x000000005c982000 JavaThread "DiscoveryClient-0" daemon [_thread_blocked, id=12844, stack(0x0000000062f20000,0x0000000063020000)]
  0x000000005c981800 JavaThread "AsyncResolver-bootstrap-0" daemon [_thread_blocked, id=10380, stack(0x00000000642c0000,0x00000000643c0000)]
  0x000000005c980800 JavaThread "Eureka-JerseyClient-Conn-Cleaner2" daemon [_thread_blocked, id=12412, stack(0x0000000064a20000,0x0000000064b20000)]
  0x000000005c980000 JavaThread "Eureka-JerseyClient-Conn-Cleaner2" daemon [_thread_blocked, id=10360, stack(0x0000000064570000,0x0000000064670000)]
  0x000000005b994800 JavaThread "File Watcher" daemon [_thread_blocked, id=11348, stack(0x0000000064400000,0x0000000064500000)]
  0x000000005f822800 JavaThread "spring.cloud.inetutils" daemon [_thread_blocked, id=720, stack(0x0000000061950000,0x0000000061a50000)]
  0x000000005bb1d800 JavaThread "container-0" [_thread_blocked, id=12364, stack(0x0000000061850000,0x0000000061950000)]
  0x000000005bea0800 JavaThread "ContainerBackgroundProcessor[StandardEngine[Tomcat]]" daemon [_thread_blocked, id=13192, stack(0x00000000616a0000,0x00000000617a0000)]
  0x000000005fb07800 JavaThread "localhost-startStop-1" daemon [_thread_blocked, id=11104, stack(0x000000005d100000,0x000000005d200000)]
  0x000000005c80c000 JavaThread "Tomcat-startStop-1" daemon [_thread_blocked, id=12620, stack(0x000000005cff0000,0x000000005d0f0000)]
  0x00000000589f6800 JavaThread "Service Thread" daemon [_thread_blocked, id=12964, stack(0x000000005a5c0000,0x000000005a6c0000)]
  0x0000000058952000 JavaThread "C1 CompilerThread3" daemon [_thread_blocked, id=9592, stack(0x000000005a3a0000,0x000000005a4a0000)]
=>0x0000000058951000 JavaThread "C2 CompilerThread2" daemon [_thread_in_native, id=13088, stack(0x000000005a2a0000,0x000000005a3a0000)]
  0x000000005894c800 JavaThread "C2 CompilerThread1" daemon [_thread_blocked, id=11760, stack(0x0000000059870000,0x0000000059970000)]
  0x0000000058947000 JavaThread "C2 CompilerThread0" daemon [_thread_blocked, id=12216, stack(0x000000005a120000,0x000000005a220000)]
  0x0000000058944000 JavaThread "Attach Listener" daemon [_thread_blocked, id=10348, stack(0x0000000059fa0000,0x000000005a0a0000)]
  0x0000000058943000 JavaThread "Signal Dispatcher" daemon [_thread_blocked, id=11120, stack(0x0000000059e60000,0x0000000059f60000)]
  0x0000000057a97000 JavaThread "Finalizer" daemon [_thread_blocked, id=8840, stack(0x0000000059ce0000,0x0000000059de0000)]
  0x0000000057a8f000 JavaThread "Reference Handler" daemon [_thread_blocked, id=4960, stack(0x0000000059bb0000,0x0000000059cb0000)]

Other Threads:
  0x00000000588d2000 VMThread [stack: 0x00000000599d0000,0x0000000059ad0000] [id=10024]
  0x0000000058a0b000 WatcherThread [stack: 0x000000005b220000,0x000000005b320000] [id=10160]

VM state:not at safepoint (normal execution)

VM Mutex/Monitor currently owned by a thread: None

Heap:
 PSYoungGen      total 213504K, used 138577K [0x00000000d5900000, 0x00000000e3680000, 0x0000000100000000)
  eden space 206848K, 66% used [0x00000000d5900000,0x00000000de054750,0x00000000e2300000)
  from space 6656K, 0% used [0x00000000e3000000,0x00000000e3000000,0x00000000e3680000)
  to   space 8704K, 0% used [0x00000000e2580000,0x00000000e2580000,0x00000000e2e00000)
 ParOldGen       total 56320K, used 27201K [0x0000000080a00000, 0x0000000084100000, 0x00000000d5900000)
  object space 56320K, 48% used [0x0000000080a00000,0x00000000824907a0,0x0000000084100000)
 Metaspace       used 41798K, capacity 42278K, committed 42664K, reserved 1087488K
  class space    used 5339K, capacity 5521K, committed 5544K, reserved 1048576K

Card table byte_map: [0x00000000119e0000,0x0000000011de0000] byte_map_base: 0x00000000115db000

Marking Bits: (ParMarkBitMap*) 0x000000005b1a0860
 Begin Bits: [0x0000000012cf0000, 0x0000000014cc8000)
 End Bits:   [0x0000000014cc8000, 0x0000000016ca0000)

Polling page: 0x0000000000120000

CodeCache: size=245760Kb used=14897Kb max_used=14939Kb free=230862Kb
 bounds [0x0000000002620000, 0x0000000003520000, 0x0000000011620000]
 total_blobs=4454 nmethods=3989 adapters=377
 compilation: enabled

Compilation events (10 events):
Event: 8.012 Thread 0x0000000058952000 4723       2       java.io.File::hashCode (8 bytes)
Event: 8.012 Thread 0x0000000058952000 nmethod 4723 0x0000000002c44790 code [0x0000000002c44900, 0x0000000002c44ab8]
Event: 8.012 Thread 0x0000000058952000 4724       2       java.io.WinNTFileSystem::hashCode (17 bytes)
Event: 8.012 Thread 0x0000000058952000 nmethod 4724 0x0000000002f07e90 code [0x0000000002f08000, 0x0000000002f081b8]
Event: 8.041 Thread 0x000000005894c800 nmethod 4686 0x00000000034e1110 code [0x00000000034e18c0, 0x00000000034e8f60]
Event: 8.041 Thread 0x000000005894c800 4696       4       java.util.Collections$UnmodifiableCollection$1::next (10 bytes)
Event: 8.042 Thread 0x000000005894c800 nmethod 4696 0x0000000002ebced0 code [0x0000000002ebd000, 0x0000000002ebd078]
Event: 8.042 Thread 0x000000005894c800 4645       4       java.lang.reflect.Method::getDeclaredAnnotations (5 bytes)
Event: 8.046 Thread 0x000000005894c800 nmethod 4645 0x0000000002cca990 code [0x0000000002ccab20, 0x0000000002ccaf68]
Event: 8.230 Thread 0x0000000058947000 nmethod 4635 0x00000000034fb790 code [0x00000000034fbe20, 0x0000000003503840]

GC Heap History (10 events):
Event: 3.480 GC heap before
{Heap before GC invocations=8 (full 1):
 PSYoungGen      total 141312K, used 132608K [0x00000000d5900000, 0x00000000ded00000, 0x0000000100000000)
  eden space 132608K, 100% used [0x00000000d5900000,0x00000000dda80000,0x00000000dda80000)
  from space 8704K, 0% used [0x00000000de380000,0x00000000de380000,0x00000000dec00000)
  to   space 9216K, 0% used [0x00000000dda80000,0x00000000dda80000,0x00000000de380000)
 ParOldGen       total 56320K, used 7319K [0x0000000080a00000, 0x0000000084100000, 0x00000000d5900000)
  object space 56320K, 12% used [0x0000000080a00000,0x0000000081125f10,0x0000000084100000)
 Metaspace       used 23901K, capacity 24210K, committed 24448K, reserved 1071104K
  class space    used 3021K, capacity 3117K, committed 3200K, reserved 1048576K
Event: 3.504 GC heap after
Heap after GC invocations=8 (full 1):
 PSYoungGen      total 141824K, used 5221K [0x00000000d5900000, 0x00000000e3880000, 0x0000000100000000)
  eden space 132608K, 0% used [0x00000000d5900000,0x00000000d5900000,0x00000000dda80000)
  from space 9216K, 56% used [0x00000000dda80000,0x00000000ddf997a8,0x00000000de380000)
  to   space 8704K, 0% used [0x00000000e3000000,0x00000000e3000000,0x00000000e3880000)
 ParOldGen       total 56320K, used 7327K [0x0000000080a00000, 0x0000000084100000, 0x00000000d5900000)
  object space 56320K, 13% used [0x0000000080a00000,0x0000000081127f10,0x0000000084100000)
 Metaspace       used 23901K, capacity 24210K, committed 24448K, reserved 1071104K
  class space    used 3021K, capacity 3117K, committed 3200K, reserved 1048576K
}
Event: 3.991 GC heap before
{Heap before GC invocations=9 (full 1):
 PSYoungGen      total 141824K, used 137829K [0x00000000d5900000, 0x00000000e3880000, 0x0000000100000000)
  eden space 132608K, 100% used [0x00000000d5900000,0x00000000dda80000,0x00000000dda80000)
  from space 9216K, 56% used [0x00000000dda80000,0x00000000ddf997a8,0x00000000de380000)
  to   space 8704K, 0% used [0x00000000e3000000,0x00000000e3000000,0x00000000e3880000)
 ParOldGen       total 56320K, used 7327K [0x0000000080a00000, 0x0000000084100000, 0x00000000d5900000)
  object space 56320K, 13% used [0x0000000080a00000,0x0000000081127f10,0x0000000084100000)
 Metaspace       used 26189K, capacity 26530K, committed 26752K, reserved 1073152K
  class space    used 3295K, capacity 3386K, committed 3456K, reserved 1048576K
Event: 3.996 GC heap after
Heap after GC invocations=9 (full 1):
 PSYoungGen      total 213504K, used 6182K [0x00000000d5900000, 0x00000000e3680000, 0x0000000100000000)
  eden space 206848K, 0% used [0x00000000d5900000,0x00000000d5900000,0x00000000e2300000)
  from space 6656K, 92% used [0x00000000e3000000,0x00000000e36098d8,0x00000000e3680000)
  to   space 8704K, 0% used [0x00000000e2580000,0x00000000e2580000,0x00000000e2e00000)
 ParOldGen       total 56320K, used 7327K [0x0000000080a00000, 0x0000000084100000, 0x00000000d5900000)
  object space 56320K, 13% used [0x0000000080a00000,0x0000000081127f10,0x0000000084100000)
 Metaspace       used 26189K, capacity 26530K, committed 26752K, reserved 1073152K
  class space    used 3295K, capacity 3386K, committed 3456K, reserved 1048576K
}
Event: 5.503 GC heap before
{Heap before GC invocations=10 (full 1):
 PSYoungGen      total 213504K, used 213030K [0x00000000d5900000, 0x00000000e3680000, 0x0000000100000000)
  eden space 206848K, 100% used [0x00000000d5900000,0x00000000e2300000,0x00000000e2300000)
  from space 6656K, 92% used [0x00000000e3000000,0x00000000e36098d8,0x00000000e3680000)
  to   space 8704K, 0% used [0x00000000e2580000,0x00000000e2580000,0x00000000e2e00000)
 ParOldGen       total 56320K, used 7327K [0x0000000080a00000, 0x0000000084100000, 0x00000000d5900000)
  object space 56320K, 13% used [0x0000000080a00000,0x0000000081127f10,0x0000000084100000)
 Metaspace       used 32351K, capacity 32832K, committed 33152K, reserved 1079296K
  class space    used 4036K, capacity 4173K, committed 4224K, reserved 1048576K
Event: 5.524 GC heap after
Heap after GC invocations=10 (full 1):
 PSYoungGen      total 215552K, used 8680K [0x00000000d5900000, 0x00000000e3680000, 0x0000000100000000)
  eden space 206848K, 0% used [0x00000000d5900000,0x00000000d5900000,0x00000000e2300000)
  from space 8704K, 99% used [0x00000000e2580000,0x00000000e2dfa0a0,0x00000000e2e00000)
  to   space 6656K, 0% used [0x00000000e3000000,0x00000000e3000000,0x00000000e3680000)
 ParOldGen       total 56320K, used 18109K [0x0000000080a00000, 0x0000000084100000, 0x00000000d5900000)
  object space 56320K, 32% used [0x0000000080a00000,0x0000000081baf4f8,0x0000000084100000)
 Metaspace       used 32351K, capacity 32832K, committed 33152K, reserved 1079296K
  class space    used 4036K, capacity 4173K, committed 4224K, reserved 1048576K
}
Event: 6.191 GC heap before
{Heap before GC invocations=11 (full 1):
 PSYoungGen      total 215552K, used 154582K [0x00000000d5900000, 0x00000000e3680000, 0x0000000100000000)
  eden space 206848K, 70% used [0x00000000d5900000,0x00000000de77b7b0,0x00000000e2300000)
  from space 8704K, 99% used [0x00000000e2580000,0x00000000e2dfa0a0,0x00000000e2e00000)
  to   space 6656K, 0% used [0x00000000e3000000,0x00000000e3000000,0x00000000e3680000)
 ParOldGen       total 56320K, used 18109K [0x0000000080a00000, 0x0000000084100000, 0x00000000d5900000)
  object space 56320K, 32% used [0x0000000080a00000,0x0000000081baf4f8,0x0000000084100000)
 Metaspace       used 34915K, capacity 35318K, committed 35496K, reserved 1081344K
  class space    used 4371K, capacity 4502K, committed 4520K, reserved 1048576K
Event: 6.221 GC heap after
Heap after GC invocations=11 (full 1):
 PSYoungGen      total 213504K, used 6644K [0x00000000d5900000, 0x00000000e3680000, 0x0000000100000000)
  eden space 206848K, 0% used [0x00000000d5900000,0x00000000d5900000,0x00000000e2300000)
  from space 6656K, 99% used [0x00000000e3000000,0x00000000e367d050,0x00000000e3680000)
  to   space 8704K, 0% used [0x00000000e2580000,0x00000000e2580000,0x00000000e2e00000)
 ParOldGen       total 56320K, used 26521K [0x0000000080a00000, 0x0000000084100000, 0x00000000d5900000)
  object space 56320K, 47% used [0x0000000080a00000,0x00000000823e6760,0x0000000084100000)
 Metaspace       used 34915K, capacity 35318K, committed 35496K, reserved 1081344K
  class space    used 4371K, capacity 4502K, committed 4520K, reserved 1048576K
}
Event: 6.221 GC heap before
{Heap before GC invocations=12 (full 2):
 PSYoungGen      total 213504K, used 6644K [0x00000000d5900000, 0x00000000e3680000, 0x0000000100000000)
  eden space 206848K, 0% used [0x00000000d5900000,0x00000000d5900000,0x00000000e2300000)
  from space 6656K, 99% used [0x00000000e3000000,0x00000000e367d050,0x00000000e3680000)
  to   space 8704K, 0% used [0x00000000e2580000,0x00000000e2580000,0x00000000e2e00000)
 ParOldGen       total 56320K, used 26521K [0x0000000080a00000, 0x0000000084100000, 0x00000000d5900000)
  object space 56320K, 47% used [0x0000000080a00000,0x00000000823e6760,0x0000000084100000)
 Metaspace       used 34915K, capacity 35318K, committed 35496K, reserved 1081344K
  class space    used 4371K, capacity 4502K, committed 4520K, reserved 1048576K
Event: 6.321 GC heap after
Heap after GC invocations=12 (full 2):
 PSYoungGen      total 213504K, used 0K [0x00000000d5900000, 0x00000000e3680000, 0x0000000100000000)
  eden space 206848K, 0% used [0x00000000d5900000,0x00000000d5900000,0x00000000e2300000)
  from space 6656K, 0% used [0x00000000e3000000,0x00000000e3000000,0x00000000e3680000)
  to   space 8704K, 0% used [0x00000000e2580000,0x00000000e2580000,0x00000000e2e00000)
 ParOldGen       total 56320K, used 27201K [0x0000000080a00000, 0x0000000084100000, 0x00000000d5900000)
  object space 56320K, 48% used [0x0000000080a00000,0x00000000824907a0,0x0000000084100000)
 Metaspace       used 34915K, capacity 35318K, committed 35496K, reserved 1081344K
  class space    used 4371K, capacity 4502K, committed 4520K, reserved 1048576K
}

Deoptimization events (10 events):
Event: 6.972 Thread 0x000000005be1b800 Uncommon trap: reason=class_check action=maybe_recompile pc=0x000000000275237c method=java.util.jar.JarFile.maybeInstantiateVerifier()V @ 79
Event: 7.158 Thread 0x000000005be1b800 Uncommon trap: reason=class_check action=maybe_recompile pc=0x0000000002aa8e44 method=java.util.AbstractList$Itr.hasNext()Z @ 8
Event: 7.158 Thread 0x000000005be1b800 Uncommon trap: reason=class_check action=maybe_recompile pc=0x0000000002ad4c74 method=java.util.AbstractList$Itr.next()Ljava/lang/Object; @ 14
Event: 7.169 Thread 0x000000005be1b800 Uncommon trap: reason=unstable_if action=reinterpret pc=0x0000000002f45640 method=java.util.concurrent.ConcurrentHashMap.putVal(Ljava/lang/Object;Ljava/lang/Object;Z)Ljava/lang/Object; @ 331
Event: 7.170 Thread 0x000000005be1b800 Uncommon trap: reason=unstable_if action=reinterpret pc=0x0000000002d795d8 method=java.util.concurrent.ConcurrentHashMap.transfer([Ljava/util/concurrent/ConcurrentHashMap$Node;[Ljava/util/concurrent/ConcurrentHashMap$Node;)V @ 356
Event: 7.750 Thread 0x000000005be1b800 Uncommon trap: reason=unstable_if action=reinterpret pc=0x000000000306d380 method=org.springframework.asm.Type.getArgumentsAndReturnSizes(Ljava/lang/String;)I @ 47
Event: 7.750 Thread 0x000000005be1b800 Uncommon trap: reason=unstable_if action=reinterpret pc=0x00000000030cfa6c method=org.springframework.asm.Type.getArgumentsAndReturnSizes(Ljava/lang/String;)I @ 47
Event: 7.751 Thread 0x000000005be1b800 Uncommon trap: reason=unstable_if action=reinterpret pc=0x000000000274b8bc method=org.springframework.asm.MethodWriter.visitFrame(Lorg/springframework/asm/Frame;)V @ 100
Event: 7.770 Thread 0x000000005be1b800 Uncommon trap: reason=null_check action=make_not_entrant pc=0x000000000345f234 method=org.springframework.core.annotation.AnnotatedElementUtils.searchWithFindSemantics(Ljava/lang/reflect/AnnotatedElement;Ljava/lang/Class;Ljava/lang/String;Ljava/lang/Class
Event: 7.820 Thread 0x000000005be1b800 Uncommon trap: reason=unstable_if action=reinterpret pc=0x0000000002c8b08c method=org.springframework.util.ConcurrentReferenceHashMap$Segment.restructureIfNecessary(Z)V @ 33

Classes redefined (0 events):
No events

Internal exceptions (10 events):
Event: 6.386 Thread 0x000000005be1b800 Exception <a 'java/lang/ClassNotFoundException': org/springframework/jmx/export/metadata/ManagedAttributeCustomizer> (0x00000000d68dcfd8) thrown at [C:\re\workspace\8-2-build-windows-amd64-cygwin\jdk8u152\9742\hotspot\src\share\vm\classfile\systemDictiona
Event: 6.491 Thread 0x000000005be1b800 Exception <a 'java/lang/ClassNotFoundException': java/lang/ObjectCustomizer> (0x00000000d7d7cfd8) thrown at [C:\re\workspace\8-2-build-windows-amd64-cygwin\jdk8u152\9742\hotspot\src\share\vm\classfile\systemDictionary.cpp, line 210]
Event: 6.491 Thread 0x000000005be1b800 Exception <a 'java/lang/ClassNotFoundException': com/netflix/appinfo/ApplicationInfoManagerCustomizer> (0x00000000d7da2b60) thrown at [C:\re\workspace\8-2-build-windows-amd64-cygwin\jdk8u152\9742\hotspot\src\share\vm\classfile\systemDictionary.cpp, line 2
Event: 7.405 Thread 0x000000005be1b800 Exception <a 'java/lang/NoClassDefFoundError': javax/mail/MessagingException> (0x00000000dafe9698) thrown at [C:\re\workspace\8-2-build-windows-amd64-cygwin\jdk8u152\9742\hotspot\src\share\vm\classfile\systemDictionary.cpp, line 199]
Event: 7.440 Thread 0x000000005be1b800 Exception <a 'java/lang/NoClassDefFoundError': javax/mail/MessagingException> (0x00000000db780bc8) thrown at [C:\re\workspace\8-2-build-windows-amd64-cygwin\jdk8u152\9742\hotspot\src\share\vm\classfile\systemDictionary.cpp, line 199]
Event: 7.746 Thread 0x000000005be1b800 Exception <a 'java/lang/ClassNotFoundException': java/lang/ObjectCustomizer> (0x00000000dcde67c0) thrown at [C:\re\workspace\8-2-build-windows-amd64-cygwin\jdk8u152\9742\hotspot\src\share\vm\classfile\systemDictionary.cpp, line 210]
Event: 7.746 Thread 0x000000005be1b800 Exception <a 'java/lang/ClassNotFoundException': com/netflix/discovery/DiscoveryClientCustomizer> (0x00000000dce0a3e8) thrown at [C:\re\workspace\8-2-build-windows-amd64-cygwin\jdk8u152\9742\hotspot\src\share\vm\classfile\systemDictionary.cpp, line 210]
Event: 7.746 Thread 0x000000005be1b800 Exception <a 'java/lang/ClassNotFoundException': org/springframework/cloud/netflix/eureka/CloudEurekaClientCustomizer> (0x00000000dce4f340) thrown at [C:\re\workspace\8-2-build-windows-amd64-cygwin\jdk8u152\9742\hotspot\src\share\vm\classfile\systemDictio
Event: 7.747 Thread 0x000000005be1b800 Exception <a 'java/lang/ClassNotFoundException': com/netflix/discovery/EurekaClientCustomizer> (0x00000000dce7fff8) thrown at [C:\re\workspace\8-2-build-windows-amd64-cygwin\jdk8u152\9742\hotspot\src\share\vm\classfile\systemDictionary.cpp, line 210]
Event: 7.770 Thread 0x000000005be1b800 Implicit null exception at 0x0000000003454d84 to 0x000000000345f205

Events (10 events):
Event: 7.841 Thread 0x000000005894c800 flushing nmethod 0x0000000002f07e90
Event: 8.012 Thread 0x0000000058952000 flushing nmethod 0x0000000003065d10
Event: 8.012 Thread 0x0000000058952000 flushing nmethod 0x000000000307bf50
Event: 8.012 Thread 0x0000000058952000 flushing nmethod 0x00000000030910d0
Event: 8.012 Thread 0x0000000058952000 flushing nmethod 0x00000000030c92d0
Event: 8.012 Thread 0x0000000058952000 flushing nmethod 0x00000000030dacd0
Event: 8.012 Thread 0x0000000058952000 flushing nmethod 0x00000000030db910
Event: 8.013 Thread 0x0000000058952000 flushing nmethod 0x00000000030ece50
Event: 8.013 Thread 0x0000000058952000 flushing nmethod 0x00000000031543d0
Event: 8.041 Thread 0x000000005894c800 flushing nmethod 0x0000000003188f10


Dynamic libraries:
0x000000013f8f0000 - 0x000000013f927000 	C:\Program Files\Java\jre1.8.0_152\bin\javaw.exe
0x0000000076fa0000 - 0x000000007713f000 	C:\Windows\SYSTEM32\ntdll.dll
0x0000000076d80000 - 0x0000000076e9f000 	C:\Windows\system32\kernel32.dll
0x000007fefcec0000 - 0x000007fefcf2a000 	C:\Windows\system32\KERNELBASE.dll
0x000007fefd1b0000 - 0x000007fefd28b000 	C:\Windows\system32\ADVAPI32.dll
0x000007fefd800000 - 0x000007fefd89f000 	C:\Windows\system32\msvcrt.dll
0x000007feff270000 - 0x000007feff28f000 	C:\Windows\SYSTEM32\sechost.dll
0x000007fefd3a0000 - 0x000007fefd4cd000 	C:\Windows\system32\RPCRT4.dll
0x0000000076ea0000 - 0x0000000076f9a000 	C:\Windows\system32\USER32.dll
0x000007fefd0c0000 - 0x000007fefd127000 	C:\Windows\system32\GDI32.dll
0x000007fefd030000 - 0x000007fefd03e000 	C:\Windows\system32\LPK.dll
0x000007feff1a0000 - 0x000007feff26b000 	C:\Windows\system32\USP10.dll
0x000007fefb820000 - 0x000007fefba14000 	C:\Windows\WinSxS\amd64_microsoft.windows.common-controls_6595b64144ccf1df_6.0.7601.18837_none_fa3b1e3d17594757\COMCTL32.dll
0x000007fefd130000 - 0x000007fefd1a1000 	C:\Windows\system32\SHLWAPI.dll
0x000007fefdc70000 - 0x000007fefdc9e000 	C:\Windows\system32\IMM32.DLL
0x000007fefd290000 - 0x000007fefd399000 	C:\Windows\system32\MSCTF.dll
0x0000000078be0000 - 0x0000000078cb2000 	C:\Program Files\Java\jre1.8.0_152\bin\msvcr100.dll
0x000000005a980000 - 0x000000005b220000 	C:\Program Files\Java\jre1.8.0_152\bin\server\jvm.dll
0x000007fef8b30000 - 0x000007fef8b39000 	C:\Windows\system32\WSOCK32.dll
0x000007fefd7a0000 - 0x000007fefd7ed000 	C:\Windows\system32\WS2_32.dll
0x000007fefd7f0000 - 0x000007fefd7f8000 	C:\Windows\system32\NSI.dll
0x000007fefad90000 - 0x000007fefadcb000 	C:\Windows\system32\WINMM.dll
0x000007fefbd40000 - 0x000007fefbd4c000 	C:\Windows\system32\VERSION.dll
0x0000000077150000 - 0x0000000077157000 	C:\Windows\system32\PSAPI.DLL
0x000000005a970000 - 0x000000005a97f000 	C:\Program Files\Java\jre1.8.0_152\bin\verify.dll
0x000000005a940000 - 0x000000005a969000 	C:\Program Files\Java\jre1.8.0_152\bin\java.dll
0x000000005a920000 - 0x000000005a936000 	C:\Program Files\Java\jre1.8.0_152\bin\zip.dll
0x000007fefe190000 - 0x000007fefef1a000 	C:\Windows\system32\SHELL32.dll
0x000007fefdd00000 - 0x000007fefdeff000 	C:\Windows\system32\ole32.dll
0x000007fefcc70000 - 0x000007fefcc7f000 	C:\Windows\system32\profapi.dll
0x00000000024e0000 - 0x00000000024fa000 	C:\Program Files\Java\jre1.8.0_152\bin\net.dll
0x000007fefc410000 - 0x000007fefc465000 	C:\Windows\system32\mswsock.dll
0x000007fefc400000 - 0x000007fefc407000 	C:\Windows\System32\wship6.dll
0x000007fef9920000 - 0x000007fef9947000 	C:\Windows\system32\IPHLPAPI.DLL
0x000007fef9910000 - 0x000007fef991b000 	C:\Windows\system32\WINNSI.DLL
0x000007fef97d0000 - 0x000007fef97e1000 	C:\Windows\system32\dhcpcsvc6.DLL
0x000007fef97b0000 - 0x000007fef97c8000 	C:\Windows\system32\dhcpcsvc.DLL
0x000007fefc290000 - 0x000007fefc2eb000 	C:\Windows\system32\DNSAPI.dll
0x000000006f000000 - 0x000000006f026000 	C:\Program Files\Bonjour\mdnsNSP.dll
0x000007fefbe10000 - 0x000007fefbe17000 	C:\Windows\System32\wshtcpip.dll
0x000007fef7180000 - 0x000007fef7188000 	C:\Windows\system32\rasadhlp.dll
0x000007fef98a0000 - 0x000007fef98f3000 	C:\Windows\System32\fwpuclnt.dll
0x000000006f490000 - 0x000000006f49d000 	C:\Program Files\Java\jre1.8.0_152\bin\management.dll
0x000007fefa980000 - 0x000007fefa995000 	C:\Windows\system32\NLAapi.dll
0x000007fef7cc0000 - 0x000007fef7cd5000 	C:\Windows\system32\napinsp.dll
0x000007fef7be0000 - 0x000007fef7bf9000 	C:\Windows\system32\pnrpnsp.dll
0x000007fef7b60000 - 0x000007fef7b6b000 	C:\Windows\System32\winrnr.dll
0x0000000002500000 - 0x0000000002511000 	C:\Program Files\Java\jre1.8.0_152\bin\nio.dll
0x000007fefc470000 - 0x000007fefc487000 	C:\Windows\system32\CRYPTSP.dll
0x000007fefc170000 - 0x000007fefc1b7000 	C:\Windows\system32\rsaenh.dll
0x000007fefce30000 - 0x000007fefce4e000 	C:\Windows\system32\USERENV.dll
0x000007fefcb10000 - 0x000007fefcb1f000 	C:\Windows\system32\CRYPTBASE.dll
0x00000000120b0000 - 0x00000000120d4000 	C:\Program Files\Java\jre1.8.0_152\bin\sunec.dll

VM Arguments:
jvm_args: -Dfile.encoding=utf-8 
java_command: com.atguigu.springcloud.DeptConsumer80_App
java_class_path (initial): C:\Program Files\Java\jre1.8.0_152\lib\resources.jar;C:\Program Files\Java\jre1.8.0_152\lib\rt.jar;C:\Program Files\Java\jre1.8.0_152\lib\jsse.jar;C:\Program Files\Java\jre1.8.0_152\lib\jce.jar;C:\Program Files\Java\jre1.8.0_152\lib\charsets.jar;C:\Program Files\Java\jre1.8.0_152\lib\jfr.jar;C:\Program Files\Java\jre1.8.0_152\lib\ext\access-bridge-64.jar;C:\Program Files\Java\jre1.8.0_152\lib\ext\cldrdata.jar;C:\Program Files\Java\jre1.8.0_152\lib\ext\dnsns.jar;C:\Program Files\Java\jre1.8.0_152\lib\ext\jaccess.jar;C:\Program Files\Java\jre1.8.0_152\lib\ext\jfxrt.jar;C:\Program Files\Java\jre1.8.0_152\lib\ext\localedata.jar;C:\Program Files\Java\jre1.8.0_152\lib\ext\nashorn.jar;C:\Program Files\Java\jre1.8.0_152\lib\ext\sunec.jar;C:\Program Files\Java\jre1.8.0_152\lib\ext\sunjce_provider.jar;C:\Program Files\Java\jre1.8.0_152\lib\ext\sunmscapi.jar;C:\Program Files\Java\jre1.8.0_152\lib\ext\sunpkcs11.jar;C:\Program Files\Java\jre1.8.0_152\lib\ext\zipfs.jar;F:\BaiduNetdiskDownload\codes\微服务架构源码\microservicecloud\microservicecloud-consumer-dept-80\target\classes;F:\BaiduNetdiskDownload\codes\微服务架构源码\microservicecloud\microservicecloud-api\target\classes;E:\maven__responsity\org\projectlombok\lombok\1.16.18\lombok-1.16.18.jar;E:\maven__responsity\org\springframework\cloud\spring-cloud-starter-feign\1.3.1.RELEASE\spring-cloud-starter-feign-1.3.1.RELEASE.jar;E:\maven__responsity\org\springframework\cloud\spring-cloud-commons\1.2.2.RELEASE\spring-cloud-commons-1.2.2.RELEASE.jar;E:\maven__responsity\org\springframework\security\spring-security-crypto\4.2.3.RELEASE\spring-security-crypto-4.2.3.RELEASE.jar;E:\maven__responsity\io\github\openfeign\feign-core\9.5.0\feign-core-9.5.0.jar;E:\maven__responsity\org\jvnet\animal-sniffer-annotation\1.0\animal-sniffer-annotation-1.0.jar;E:\maven__responsity\io\github\openfeign\feign-slf4j\9.5.0\feign-slf4j-9.5.0.jar;E:\maven__responsity\io\github\openfeign\feign-hystrix\9.5.0\feign-hystrix-9.5
Launcher Type: SUN_STANDARD

Environment Variables:
JAVA_HOME=C:\Program Files\Java\jdk1.8.0_152
CLASSPATH=.;C:\Program Files\Java\jdk1.8.0_152\lib\dt.jar;C:\Program Files\Java\jdk1.8.0_152\lib\tools.jar;
PATH=C:/Program Files/Java/jre1.8.0_152/bin/server;C:/Program Files/Java/jre1.8.0_152/bin;C:/Program Files/Java/jre1.8.0_152/lib/amd64;E:\software\python\Scripts\;E:\software\python\;C:\ProgramData\Oracle\Java\javapath;C:\Windows\system32;C:\Windows;C:\Windows\System32\Wbem;C:\Windows\System32\WindowsPowerShell\v1.0\;C:\Program Files\Java\jdk1.8.0_152\bin;C:\Program Files\Java\jdk1.8.0_152\jre\bin;C:\Program Files\MySQL\MySQL Server 5.5\bin;E:\software\tomcat9\apache-tomcat-9.0.6\bin;E:\software\maven\apache-maven-3.5.3/bin;E:\software\mongo\bin;E:\software\protobuf\src;E:\software\svn\SVN-64位\svnServer\bin;;:\software\svn\SVN-64位\svnClient\bin;;E:\software\git_software\Git\cmd;C:\Users\Administrator\AppData\Local\GitHubDesktop\bin;C:\Users\Administrator\Desktop;
USERNAME=Administrator
OS=Windows_NT
PROCESSOR_IDENTIFIER=Intel64 Family 6 Model 60 Stepping 3, GenuineIntel



---------------  S Y S T E M  ---------------

OS: Windows 7 , 64 bit Build 7601 (6.1.7601.24308)

CPU:total 8 (initial active 8) (4 cores per cpu, 2 threads per core) family 6 model 60 stepping 3, cmov, cx8, fxsr, mmx, sse, sse2, sse3, ssse3, sse4.1, sse4.2, popcnt, avx, avx2, aes, clmul, erms, rtm, lzcnt, ht, tsc, tscinvbit, bmi1, bmi2

Memory: 4k page, physical 8340804k(564840k free), swap 11091416k(6484k free)

vm_info: Java HotSpot(TM) 64-Bit Server VM (25.152-b16) for windows-amd64 JRE (1.8.0_152-b16), built on Sep 14 2017 02:29:36 by "java_re" with MS VC++ 10.0 (VS2010)

time: Wed Jan 16 10:24:24 2019
elapsed time: 8 seconds (0d 0h 0m 8s)

