#
# There is insufficient memory for the Java Runtime Environment to continue.
# Native memory allocation (malloc) failed to allocate 32744 bytes for ChunkPool::allocate
# Possible reasons:
#   The system is out of physical RAM or swap space
#   In 32 bit mode, the process size limit was hit
# Possible solutions:
#   Reduce memory load on the system
#   Increase physical memory or swap space
#   Check if swap backing store is full
#   Use 64 bit Java on a 64 bit OS
#   Decrease Java heap size (-Xmx/-Xms)
#   Decrease number of Java threads
#   Decrease Java thread stack sizes (-Xss)
#   Set larger code cache with -XX:ReservedCodeCacheSize=
# This output file may be truncated or incomplete.
#
#  Out of Memory Error (allocation.cpp:273), pid=11500, tid=0x0000000000002ea4
#
# JRE version: Java(TM) SE Runtime Environment (8.0_152-b16) (build 1.8.0_152-b16)
# Java VM: Java HotSpot(TM) 64-Bit Server VM (25.152-b16 mixed mode windows-amd64 compressed oops)
# Failed to write core dump. Minidumps are not enabled by default on client versions of Windows
#

---------------  T H R E A D  ---------------

Current thread (0x0000000058b04000):  JavaThread "C2 CompilerThread2" daemon [_thread_in_native, id=11940, stack(0x000000005a3f0000,0x000000005a4f0000)]

Stack: [0x000000005a3f0000,0x000000005a4f0000]
[error occurred during error reporting (printing stack bounds), id 0xc0000005]

Native frames: (J=compiled Java code, j=interpreted, Vv=VM code, C=native code)


Current CompileTask:
C2:  10191 3883       4       com.sun.beans.TypeResolver::resolve (37 bytes)


---------------  P R O C E S S  ---------------

Java Threads: ( => current thread )
  0x000000005fce5800 JavaThread "spring.cloud.inetutils" daemon [_thread_blocked, id=11372, stack(0x0000000061ee0000,0x0000000061fe0000)]
  0x000000005c327800 JavaThread "container-0" [_thread_blocked, id=12580, stack(0x0000000061ad0000,0x0000000061bd0000)]
  0x000000005bc5f000 JavaThread "ContainerBackgroundProcessor[StandardEngine[Tomcat]]" daemon [_thread_blocked, id=11368, stack(0x00000000618b0000,0x00000000619b0000)]
  0x000000005d8d6800 JavaThread "localhost-startStop-1" daemon [_thread_blocked, id=7140, stack(0x0000000061750000,0x0000000061850000)]
  0x000000005e0b2000 JavaThread "Tomcat-startStop-1" daemon [_thread_blocked, id=6820, stack(0x000000005d220000,0x000000005d320000)]
  0x000000005bb11000 JavaThread "restartedMain" [_thread_in_vm, id=9288, stack(0x000000005cd60000,0x000000005ce60000)]
  0x000000005bf05800 JavaThread "Thread-0" [_thread_blocked, id=10432, stack(0x000000005ca90000,0x000000005cb90000)]
  0x0000000058b9a000 JavaThread "Service Thread" daemon [_thread_blocked, id=13184, stack(0x000000005a2e0000,0x000000005a3e0000)]
  0x0000000058b0d000 JavaThread "C1 CompilerThread3" daemon [_thread_blocked, id=13208, stack(0x000000005a5a0000,0x000000005a6a0000)]
=>0x0000000058b04000 JavaThread "C2 CompilerThread2" daemon [_thread_in_native, id=11940, stack(0x000000005a3f0000,0x000000005a4f0000)]
  0x0000000058aff800 JavaThread "C2 CompilerThread1" daemon [_thread_in_native, id=11492, stack(0x000000005a1d0000,0x000000005a2d0000)]
  0x0000000058afa000 JavaThread "C2 CompilerThread0" daemon [_thread_in_native, id=13720, stack(0x0000000059a20000,0x0000000059b20000)]
  0x0000000058af7000 JavaThread "Attach Listener" daemon [_thread_blocked, id=12048, stack(0x000000005a0b0000,0x000000005a1b0000)]
  0x0000000058af6000 JavaThread "Signal Dispatcher" daemon [_thread_blocked, id=5168, stack(0x0000000059ee0000,0x0000000059fe0000)]
  0x0000000057918000 JavaThread "Finalizer" daemon [_thread_blocked, id=9604, stack(0x0000000059d60000,0x0000000059e60000)]
  0x0000000057910000 JavaThread "Reference Handler" daemon [_thread_blocked, id=936, stack(0x0000000059c20000,0x0000000059d20000)]
  0x000000000235c800 JavaThread "main" [_thread_blocked, id=11316, stack(0x0000000002480000,0x0000000002580000)]

Other Threads:
  0x0000000058a82000 VMThread [stack: 0x0000000059b20000,0x0000000059c20000] [id=14076]
  0x0000000058bae000 WatcherThread [stack: 0x000000005a710000,0x000000005a810000] [id=13588]

VM state:not at safepoint (normal execution)

VM Mutex/Monitor currently owned by a thread: None

Heap:
 PSYoungGen      total 251904K, used 34226K [0x00000000d5900000, 0x00000000e5980000, 0x0000000100000000)
  eden space 243200K, 10% used [0x00000000d5900000,0x00000000d71f07d8,0x00000000e4680000)
  from space 8704K, 99% used [0x00000000e4880000,0x00000000e50fc1e0,0x00000000e5100000)
  to   space 7168K, 0% used [0x00000000e5280000,0x00000000e5280000,0x00000000e5980000)
 ParOldGen       total 47104K, used 18614K [0x0000000080a00000, 0x0000000083800000, 0x00000000d5900000)
  object space 47104K, 39% used [0x0000000080a00000,0x0000000081c2d850,0x0000000083800000)
 Metaspace       used 34052K, capacity 34498K, committed 34944K, reserved 1079296K
  class space    used 4249K, capacity 4376K, committed 4480K, reserved 1048576K

Card table byte_map: [0x0000000011940000,0x0000000011d40000] byte_map_base: 0x000000001153b000

Marking Bits: (ParMarkBitMap*) 0x000000005b1a0860
 Begin Bits: [0x0000000012b70000, 0x0000000014b48000)
 End Bits:   [0x0000000014b48000, 0x0000000016b20000)

Polling page: 0x0000000000220000

CodeCache: size=245760Kb used=12554Kb max_used=12654Kb free=233205Kb
 bounds [0x0000000002580000, 0x00000000031f0000, 0x0000000011580000]
 total_blobs=3822 nmethods=3411 adapters=323
 compilation: enabled

Compilation events (10 events):
Event: 10.177 Thread 0x0000000058b0d000 4036       3       org.springframework.beans.factory.annotation.InitDestroyAnnotationBeanPostProcessor$1::<init> (32 bytes)
Event: 10.177 Thread 0x0000000058b0d000 nmethod 4036 0x00000000029e3e90 code [0x00000000029e3fe0, 0x00000000029e41f0]
Event: 10.181 Thread 0x0000000058b0d000 4037       3       org.springframework.core.MethodParameter::getParameterType (81 bytes)
Event: 10.182 Thread 0x0000000058b0d000 nmethod 4037 0x0000000002a8c1d0 code [0x0000000002a8c3a0, 0x0000000002a8ccd8]
Event: 10.185 Thread 0x0000000058b0d000 4038       3       java.text.DontCareFieldPosition$1::formatted (1 bytes)
Event: 10.185 Thread 0x0000000058b0d000 nmethod 4038 0x00000000029e3b50 code [0x00000000029e3ca0, 0x00000000029e3df0]
Event: 10.185 Thread 0x0000000058b0d000 4039       3       java.util.Calendar::isFieldSet (14 bytes)
Event: 10.185 Thread 0x0000000058b0d000 nmethod 4039 0x0000000002a8be90 code [0x0000000002a8bfe0, 0x0000000002a8c170]
Event: 10.185 Thread 0x0000000058b0d000 4040       3       org.springframework.util.ReflectionUtils::getUniqueDeclaredMethods (41 bytes)
Event: 10.186 Thread 0x0000000058b0d000 nmethod 4040 0x0000000002d15f90 code [0x0000000002d16140, 0x0000000002d16768]

GC Heap History (10 events):
Event: 3.910 GC heap before
{Heap before GC invocations=6 (full 0):
 PSYoungGen      total 71680K, used 13175K [0x00000000d5900000, 0x00000000dec00000, 0x0000000100000000)
  eden space 66560K, 12% used [0x00000000d5900000,0x00000000d60e21c0,0x00000000d9a00000)
  from space 5120K, 99% used [0x00000000d9a00000,0x00000000d9efba40,0x00000000d9f00000)
  to   space 8704K, 0% used [0x00000000de380000,0x00000000de380000,0x00000000dec00000)
 ParOldGen       total 87552K, used 6287K [0x0000000080a00000, 0x0000000085f80000, 0x00000000d5900000)
  object space 87552K, 7% used [0x0000000080a00000,0x0000000081023db0,0x0000000085f80000)
 Metaspace       used 20869K, capacity 21170K, committed 21296K, reserved 1069056K
  class space    used 2602K, capacity 2663K, committed 2688K, reserved 1048576K
Event: 3.915 GC heap after
Heap after GC invocations=6 (full 0):
 PSYoungGen      total 141824K, used 5739K [0x00000000d5900000, 0x00000000dec00000, 0x0000000100000000)
  eden space 133120K, 0% used [0x00000000d5900000,0x00000000d5900000,0x00000000ddb00000)
  from space 8704K, 65% used [0x00000000de380000,0x00000000de91ac38,0x00000000dec00000)
  to   space 8704K, 0% used [0x00000000ddb00000,0x00000000ddb00000,0x00000000de380000)
 ParOldGen       total 87552K, used 6295K [0x0000000080a00000, 0x0000000085f80000, 0x00000000d5900000)
  object space 87552K, 7% used [0x0000000080a00000,0x0000000081025db0,0x0000000085f80000)
 Metaspace       used 20869K, capacity 21170K, committed 21296K, reserved 1069056K
  class space    used 2602K, capacity 2663K, committed 2688K, reserved 1048576K
}
Event: 3.915 GC heap before
{Heap before GC invocations=7 (full 1):
 PSYoungGen      total 141824K, used 5739K [0x00000000d5900000, 0x00000000dec00000, 0x0000000100000000)
  eden space 133120K, 0% used [0x00000000d5900000,0x00000000d5900000,0x00000000ddb00000)
  from space 8704K, 65% used [0x00000000de380000,0x00000000de91ac38,0x00000000dec00000)
  to   space 8704K, 0% used [0x00000000ddb00000,0x00000000ddb00000,0x00000000de380000)
 ParOldGen       total 87552K, used 6295K [0x0000000080a00000, 0x0000000085f80000, 0x00000000d5900000)
  object space 87552K, 7% used [0x0000000080a00000,0x0000000081025db0,0x0000000085f80000)
 Metaspace       used 20869K, capacity 21170K, committed 21296K, reserved 1069056K
  class space    used 2602K, capacity 2663K, committed 2688K, reserved 1048576K
Event: 3.938 GC heap after
Heap after GC invocations=7 (full 1):
 PSYoungGen      total 141824K, used 0K [0x00000000d5900000, 0x00000000dec00000, 0x0000000100000000)
  eden space 133120K, 0% used [0x00000000d5900000,0x00000000d5900000,0x00000000ddb00000)
  from space 8704K, 0% used [0x00000000de380000,0x00000000de380000,0x00000000dec00000)
  to   space 8704K, 0% used [0x00000000ddb00000,0x00000000ddb00000,0x00000000de380000)
 ParOldGen       total 47104K, used 6285K [0x0000000080a00000, 0x0000000083800000, 0x00000000d5900000)
  object space 47104K, 13% used [0x0000000080a00000,0x00000000810236c8,0x0000000083800000)
 Metaspace       used 20869K, capacity 21170K, committed 21296K, reserved 1069056K
  class space    used 2602K, capacity 2663K, committed 2688K, reserved 1048576K
}
Event: 6.547 GC heap before
{Heap before GC invocations=8 (full 1):
 PSYoungGen      total 141824K, used 133120K [0x00000000d5900000, 0x00000000dec00000, 0x0000000100000000)
  eden space 133120K, 100% used [0x00000000d5900000,0x00000000ddb00000,0x00000000ddb00000)
  from space 8704K, 0% used [0x00000000de380000,0x00000000de380000,0x00000000dec00000)
  to   space 8704K, 0% used [0x00000000ddb00000,0x00000000ddb00000,0x00000000de380000)
 ParOldGen       total 47104K, used 6285K [0x0000000080a00000, 0x0000000083800000, 0x00000000d5900000)
  object space 47104K, 13% used [0x0000000080a00000,0x00000000810236c8,0x0000000083800000)
 Metaspace       used 24009K, capacity 24274K, committed 24704K, reserved 1071104K
  class space    used 3027K, capacity 3117K, committed 3200K, reserved 1048576K
Event: 6.562 GC heap after
Heap after GC invocations=8 (full 1):
 PSYoungGen      total 141824K, used 5393K [0x00000000d5900000, 0x00000000e5a80000, 0x0000000100000000)
  eden space 133120K, 0% used [0x00000000d5900000,0x00000000d5900000,0x00000000ddb00000)
  from space 8704K, 61% used [0x00000000ddb00000,0x00000000de0445c0,0x00000000de380000)
  to   space 8192K, 0% used [0x00000000e5280000,0x00000000e5280000,0x00000000e5a80000)
 ParOldGen       total 47104K, used 6293K [0x0000000080a00000, 0x0000000083800000, 0x00000000d5900000)
  object space 47104K, 13% used [0x0000000080a00000,0x00000000810256c8,0x0000000083800000)
 Metaspace       used 24009K, capacity 24274K, committed 24704K, reserved 1071104K
  class space    used 3027K, capacity 3117K, committed 3200K, reserved 1048576K
}
Event: 7.328 GC heap before
{Heap before GC invocations=9 (full 1):
 PSYoungGen      total 141824K, used 138513K [0x00000000d5900000, 0x00000000e5a80000, 0x0000000100000000)
  eden space 133120K, 100% used [0x00000000d5900000,0x00000000ddb00000,0x00000000ddb00000)
  from space 8704K, 61% used [0x00000000ddb00000,0x00000000de0445c0,0x00000000de380000)
  to   space 8192K, 0% used [0x00000000e5280000,0x00000000e5280000,0x00000000e5a80000)
 ParOldGen       total 47104K, used 6293K [0x0000000080a00000, 0x0000000083800000, 0x00000000d5900000)
  object space 47104K, 13% used [0x0000000080a00000,0x00000000810256c8,0x0000000083800000)
 Metaspace       used 26917K, capacity 27318K, committed 27520K, reserved 1073152K
  class space    used 3374K, capacity 3455K, committed 3456K, reserved 1048576K
Event: 7.333 GC heap after
Heap after GC invocations=9 (full 1):
 PSYoungGen      total 250368K, used 7164K [0x00000000d5900000, 0x00000000e5980000, 0x0000000100000000)
  eden space 243200K, 0% used [0x00000000d5900000,0x00000000d5900000,0x00000000e4680000)
  from space 7168K, 99% used [0x00000000e5280000,0x00000000e597f310,0x00000000e5980000)
  to   space 8704K, 0% used [0x00000000e4880000,0x00000000e4880000,0x00000000e5100000)
 ParOldGen       total 47104K, used 6301K [0x0000000080a00000, 0x0000000083800000, 0x00000000d5900000)
  object space 47104K, 13% used [0x0000000080a00000,0x00000000810276c8,0x0000000083800000)
 Metaspace       used 26917K, capacity 27318K, committed 27520K, reserved 1073152K
  class space    used 3374K, capacity 3455K, committed 3456K, reserved 1048576K
}
Event: 10.044 GC heap before
{Heap before GC invocations=10 (full 1):
 PSYoungGen      total 250368K, used 250364K [0x00000000d5900000, 0x00000000e5980000, 0x0000000100000000)
  eden space 243200K, 100% used [0x00000000d5900000,0x00000000e4680000,0x00000000e4680000)
  from space 7168K, 99% used [0x00000000e5280000,0x00000000e597f310,0x00000000e5980000)
  to   space 8704K, 0% used [0x00000000e4880000,0x00000000e4880000,0x00000000e5100000)
 ParOldGen       total 47104K, used 6301K [0x0000000080a00000, 0x0000000083800000, 0x00000000d5900000)
  object space 47104K, 13% used [0x0000000080a00000,0x00000000810276c8,0x0000000083800000)
 Metaspace       used 33559K, capacity 33986K, committed 34304K, reserved 1079296K
  class space    used 4184K, capacity 4312K, committed 4352K, reserved 1048576K
Event: 10.083 GC heap after
Heap after GC invocations=10 (full 1):
 PSYoungGen      total 251904K, used 8688K [0x00000000d5900000, 0x00000000e5980000, 0x0000000100000000)
  eden space 243200K, 0% used [0x00000000d5900000,0x00000000d5900000,0x00000000e4680000)
  from space 8704K, 99% used [0x00000000e4880000,0x00000000e50fc1e0,0x00000000e5100000)
  to   space 7168K, 0% used [0x00000000e5280000,0x00000000e5280000,0x00000000e5980000)
 ParOldGen       total 47104K, used 18614K [0x0000000080a00000, 0x0000000083800000, 0x00000000d5900000)
  object space 47104K, 39% used [0x0000000080a00000,0x0000000081c2d850,0x0000000083800000)
 Metaspace       used 33559K, capacity 33986K, committed 34304K, reserved 1079296K
  class space    used 4184K, capacity 4312K, committed 4352K, reserved 1048576K
}

Deoptimization events (10 events):
Event: 9.374 Thread 0x000000005bb11000 Uncommon trap: reason=unstable_if action=reinterpret pc=0x0000000002fefb14 method=org.springframework.asm.Frame.merge(Lorg/springframework/asm/ClassWriter;I[II)Z @ 80
Event: 9.376 Thread 0x000000005bb11000 Uncommon trap: reason=unstable_if action=reinterpret pc=0x0000000002910c44 method=org.springframework.asm.MethodWriter.visitMethodInsn(ILjava/lang/String;Ljava/lang/String;Ljava/lang/String;Z)V @ 37
Event: 9.409 Thread 0x000000005bb11000 Uncommon trap: reason=unstable_if action=reinterpret pc=0x0000000002be6fc8 method=org.springframework.util.ConcurrentReferenceHashMap$Segment.restructureIfNecessary(Z)V @ 33
Event: 9.428 Thread 0x000000005bb11000 Uncommon trap: reason=unstable_if action=reinterpret pc=0x00000000026e839c method=org.springframework.beans.factory.support.AbstractBeanFactory.isTypeMatch(Ljava/lang/String;Lorg/springframework/core/ResolvableType;)Z @ 478
Event: 9.489 Thread 0x000000005bb11000 Uncommon trap: reason=null_check action=make_not_entrant pc=0x00000000030dbb38 method=org.springframework.util.ClassUtils.isAssignable(Ljava/lang/Class;Ljava/lang/Class;)Z @ 14
Event: 9.785 Thread 0x000000005bb11000 Uncommon trap: reason=unstable_if action=reinterpret pc=0x0000000002dfb548 method=java.util.regex.Pattern$CharProperty$1.isSatisfiedBy(I)Z @ 8
Event: 9.785 Thread 0x000000005bb11000 Uncommon trap: reason=unstable_if action=reinterpret pc=0x0000000002dfd7b8 method=java.util.regex.Pattern$CharProperty$1.isSatisfiedBy(I)Z @ 8
Event: 9.785 Thread 0x000000005bb11000 Uncommon trap: reason=unstable_if action=reinterpret pc=0x0000000002726e20 method=org.springframework.util.StringUtils.changeFirstCharacterCase(Ljava/lang/String;Z)Ljava/lang/String; @ 34
Event: 9.813 Thread 0x000000005bb11000 Uncommon trap: reason=null_check action=make_not_entrant pc=0x0000000003187180 method=org.springframework.core.annotation.AnnotatedElementUtils.searchWithGetSemanticsInAnnotations(Ljava/lang/reflect/AnnotatedElement;Ljava/util/List;Ljava/lang/Class;Ljava/
Event: 9.886 Thread 0x000000005bb11000 Uncommon trap: reason=unstable_if action=reinterpret pc=0x0000000002bebd28 method=java.util.HashMap.putMapEntries(Ljava/util/Map;Z)V @ 53

Classes redefined (0 events):
No events

Internal exceptions (10 events):
Event: 10.178 Thread 0x000000005bb11000 Exception <a 'java/lang/ClassNotFoundException': org/springframework/web/context/support/WebApplicationObjectSupportCustomizer> (0x00000000d6c6c1f0) thrown at [C:\re\workspace\8-2-build-windows-amd64-cygwin\jdk8u152\9742\hotspot\src\share\vm\classfile\sys
Event: 10.179 Thread 0x000000005bb11000 Exception <a 'java/lang/ClassNotFoundException': org/springframework/web/servlet/handler/AbstractHandlerMappingCustomizer> (0x00000000d6c98b40) thrown at [C:\re\workspace\8-2-build-windows-amd64-cygwin\jdk8u152\9742\hotspot\src\share\vm\classfile\systemDi
Event: 10.180 Thread 0x000000005bb11000 Exception <a 'java/lang/ClassNotFoundException': org/springframework/web/servlet/handler/AbstractUrlHandlerMappingCustomizer> (0x00000000d6cdbc50) thrown at [C:\re\workspace\8-2-build-windows-amd64-cygwin\jdk8u152\9742\hotspot\src\share\vm\classfile\syste
Event: 10.181 Thread 0x000000005bb11000 Exception <a 'java/lang/ClassNotFoundException': org/springframework/web/servlet/handler/SimpleUrlHandlerMappingCustomizer> (0x00000000d6d113b8) thrown at [C:\re\workspace\8-2-build-windows-amd64-cygwin\jdk8u152\9742\hotspot\src\share\vm\classfile\systemD
Event: 10.182 Thread 0x000000005bb11000 Exception <a 'java/lang/ClassNotFoundException': org/springframework/web/servlet/handler/MatchableHandlerMappingCustomizer> (0x00000000d6d59f10) thrown at [C:\re\workspace\8-2-build-windows-amd64-cygwin\jdk8u152\9742\hotspot\src\share\vm\classfile\systemD
Event: 10.182 Thread 0x000000005bb11000 Exception <a 'java/lang/ClassNotFoundException': org/springframework/web/servlet/HandlerMappingCustomizer> (0x00000000d6d7ef90) thrown at [C:\re\workspace\8-2-build-windows-amd64-cygwin\jdk8u152\9742\hotspot\src\share\vm\classfile\systemDictionary.cpp, li
Event: 10.183 Thread 0x000000005bb11000 Exception <a 'java/lang/ClassNotFoundException': org/springframework/core/OrderedCustomizer> (0x00000000d6d9db30) thrown at [C:\re\workspace\8-2-build-windows-amd64-cygwin\jdk8u152\9742\hotspot\src\share\vm\classfile\systemDictionary.cpp, line 210]
Event: 10.183 Thread 0x000000005bb11000 Exception <a 'java/lang/ClassNotFoundException': org/springframework/web/context/ServletContextAwareCustomizer> (0x00000000d6dc4cd0) thrown at [C:\re\workspace\8-2-build-windows-amd64-cygwin\jdk8u152\9742\hotspot\src\share\vm\classfile\systemDictionary.cp
Event: 10.183 Thread 0x000000005bb11000 Exception <a 'java/lang/ClassNotFoundException': org/springframework/context/ApplicationContextAwareCustomizer> (0x00000000d6dec268) thrown at [C:\re\workspace\8-2-build-windows-amd64-cygwin\jdk8u152\9742\hotspot\src\share\vm\classfile\systemDictionary.cp
Event: 10.189 Thread 0x000000005bb11000 Exception <a 'java/lang/ClassNotFoundException': java/lang/ObjectCustomizer> (0x00000000d6e26090) thrown at [C:\re\workspace\8-2-build-windows-amd64-cygwin\jdk8u152\9742\hotspot\src\share\vm\classfile\systemDictionary.cpp, line 210]

Events (10 events):
Event: 10.183 loading class org/springframework/context/ApplicationContextAwareCustomizer
Event: 10.183 loading class org/springframework/context/ApplicationContextAwareCustomizer done
Event: 10.188 loading class java/lang/ObjectCustomizer
Event: 10.188 loading class java/lang/ObjectCustomizer done
Event: 10.189 loading class java/lang/ObjectCustomizer
Event: 10.189 loading class java/lang/ObjectCustomizer done
Event: 10.189 loading class org/springframework/web/method/support/CompositeUriComponentsContributorCustomizer
Event: 10.189 loading class org/springframework/web/method/support/CompositeUriComponentsContributorCustomizer done
Event: 10.189 loading class org/springframework/web/method/support/CompositeUriComponentsContributorCustomizer
Event: 10.189 loading class org/springframework/web/method/support/CompositeUriComponentsContributorCustomizer done


Dynamic libraries:
0x000000013fbe0000 - 0x000000013fc17000 	C:\Program Files\Java\jre1.8.0_152\bin\javaw.exe
0x0000000076fa0000 - 0x000000007713f000 	C:\Windows\SYSTEM32\ntdll.dll
0x0000000076d80000 - 0x0000000076e9f000 	C:\Windows\system32\kernel32.dll
0x000007fefcec0000 - 0x000007fefcf2a000 	C:\Windows\system32\KERNELBASE.dll
0x000007fefd1b0000 - 0x000007fefd28b000 	C:\Windows\system32\ADVAPI32.dll
0x000007fefd800000 - 0x000007fefd89f000 	C:\Windows\system32\msvcrt.dll
0x000007feff270000 - 0x000007feff28f000 	C:\Windows\SYSTEM32\sechost.dll
0x000007fefd3a0000 - 0x000007fefd4cd000 	C:\Windows\system32\RPCRT4.dll
0x0000000076ea0000 - 0x0000000076f9a000 	C:\Windows\system32\USER32.dll
0x000007fefd0c0000 - 0x000007fefd127000 	C:\Windows\system32\GDI32.dll
0x000007fefd030000 - 0x000007fefd03e000 	C:\Windows\system32\LPK.dll
0x000007feff1a0000 - 0x000007feff26b000 	C:\Windows\system32\USP10.dll
0x000007fefb820000 - 0x000007fefba14000 	C:\Windows\WinSxS\amd64_microsoft.windows.common-controls_6595b64144ccf1df_6.0.7601.18837_none_fa3b1e3d17594757\COMCTL32.dll
0x000007fefd130000 - 0x000007fefd1a1000 	C:\Windows\system32\SHLWAPI.dll
0x000007fefdc70000 - 0x000007fefdc9e000 	C:\Windows\system32\IMM32.DLL
0x000007fefd290000 - 0x000007fefd399000 	C:\Windows\system32\MSCTF.dll
0x0000000077950000 - 0x0000000077a22000 	C:\Program Files\Java\jre1.8.0_152\bin\msvcr100.dll
0x000000005a980000 - 0x000000005b220000 	C:\Program Files\Java\jre1.8.0_152\bin\server\jvm.dll
0x000007fef8b30000 - 0x000007fef8b39000 	C:\Windows\system32\WSOCK32.dll
0x000007fefd7a0000 - 0x000007fefd7ed000 	C:\Windows\system32\WS2_32.dll
0x000007fefd7f0000 - 0x000007fefd7f8000 	C:\Windows\system32\NSI.dll
0x000007fefad90000 - 0x000007fefadcb000 	C:\Windows\system32\WINMM.dll
0x000007fefbd40000 - 0x000007fefbd4c000 	C:\Windows\system32\VERSION.dll
0x0000000077150000 - 0x0000000077157000 	C:\Windows\system32\PSAPI.DLL
0x000000005a970000 - 0x000000005a97f000 	C:\Program Files\Java\jre1.8.0_152\bin\verify.dll
0x000000005a940000 - 0x000000005a969000 	C:\Program Files\Java\jre1.8.0_152\bin\java.dll
0x000000005a920000 - 0x000000005a936000 	C:\Program Files\Java\jre1.8.0_152\bin\zip.dll
0x000007fefe190000 - 0x000007fefef1a000 	C:\Windows\system32\SHELL32.dll
0x000007fefdd00000 - 0x000007fefdeff000 	C:\Windows\system32\ole32.dll
0x000007fefcc70000 - 0x000007fefcc7f000 	C:\Windows\system32\profapi.dll
0x0000000001c30000 - 0x0000000001c4a000 	C:\Program Files\Java\jre1.8.0_152\bin\net.dll
0x000007fefc410000 - 0x000007fefc465000 	C:\Windows\system32\mswsock.dll
0x000007fefc400000 - 0x000007fefc407000 	C:\Windows\System32\wship6.dll
0x000007fef9920000 - 0x000007fef9947000 	C:\Windows\system32\IPHLPAPI.DLL
0x000007fef9910000 - 0x000007fef991b000 	C:\Windows\system32\WINNSI.DLL
0x000007fef97d0000 - 0x000007fef97e1000 	C:\Windows\system32\dhcpcsvc6.DLL
0x000007fef97b0000 - 0x000007fef97c8000 	C:\Windows\system32\dhcpcsvc.DLL
0x000007fefc290000 - 0x000007fefc2eb000 	C:\Windows\system32\DNSAPI.dll
0x000000006f000000 - 0x000000006f026000 	C:\Program Files\Bonjour\mdnsNSP.dll
0x000007fefbe10000 - 0x000007fefbe17000 	C:\Windows\System32\wshtcpip.dll
0x000007fef7180000 - 0x000007fef7188000 	C:\Windows\system32\rasadhlp.dll
0x000007fef98a0000 - 0x000007fef98f3000 	C:\Windows\System32\fwpuclnt.dll
0x000000006f490000 - 0x000000006f49d000 	C:\Program Files\Java\jre1.8.0_152\bin\management.dll
0x000007fefa980000 - 0x000007fefa995000 	C:\Windows\system32\NLAapi.dll
0x000007fef7cc0000 - 0x000007fef7cd5000 	C:\Windows\system32\napinsp.dll
0x000007fef7be0000 - 0x000007fef7bf9000 	C:\Windows\system32\pnrpnsp.dll
0x000007fef7b60000 - 0x000007fef7b6b000 	C:\Windows\System32\winrnr.dll
0x0000000002400000 - 0x0000000002411000 	C:\Program Files\Java\jre1.8.0_152\bin\nio.dll
0x000007fefc470000 - 0x000007fefc487000 	C:\Windows\system32\CRYPTSP.dll
0x000007fefc170000 - 0x000007fefc1b7000 	C:\Windows\system32\rsaenh.dll
0x000007fefce30000 - 0x000007fefce4e000 	C:\Windows\system32\USERENV.dll
0x000007fefcb10000 - 0x000007fefcb1f000 	C:\Windows\system32\CRYPTBASE.dll

VM Arguments:
jvm_args: -Dfile.encoding=utf-8 
java_command: com.atguigu.springcloud.DeptConsumer80_Feign_App
java_class_path (initial): C:\Program Files\Java\jre1.8.0_152\lib\resources.jar;C:\Program Files\Java\jre1.8.0_152\lib\rt.jar;C:\Program Files\Java\jre1.8.0_152\lib\jsse.jar;C:\Program Files\Java\jre1.8.0_152\lib\jce.jar;C:\Program Files\Java\jre1.8.0_152\lib\charsets.jar;C:\Program Files\Java\jre1.8.0_152\lib\jfr.jar;C:\Program Files\Java\jre1.8.0_152\lib\ext\access-bridge-64.jar;C:\Program Files\Java\jre1.8.0_152\lib\ext\cldrdata.jar;C:\Program Files\Java\jre1.8.0_152\lib\ext\dnsns.jar;C:\Program Files\Java\jre1.8.0_152\lib\ext\jaccess.jar;C:\Program Files\Java\jre1.8.0_152\lib\ext\jfxrt.jar;C:\Program Files\Java\jre1.8.0_152\lib\ext\localedata.jar;C:\Program Files\Java\jre1.8.0_152\lib\ext\nashorn.jar;C:\Program Files\Java\jre1.8.0_152\lib\ext\sunec.jar;C:\Program Files\Java\jre1.8.0_152\lib\ext\sunjce_provider.jar;C:\Program Files\Java\jre1.8.0_152\lib\ext\sunmscapi.jar;C:\Program Files\Java\jre1.8.0_152\lib\ext\sunpkcs11.jar;C:\Program Files\Java\jre1.8.0_152\lib\ext\zipfs.jar;F:\BaiduNetdiskDownload\codes\微服务架构源码1\microservicecloud\microservicecloud-consumer-dept-feign\target\classes;F:\BaiduNetdiskDownload\codes\微服务架构源码\microservicecloud\microservicecloud-api\target\classes;E:\maven__responsity\org\projectlombok\lombok\1.16.18\lombok-1.16.18.jar;E:\maven__responsity\org\springframework\cloud\spring-cloud-starter-feign\1.3.1.RELEASE\spring-cloud-starter-feign-1.3.1.RELEASE.jar;E:\maven__responsity\org\springframework\cloud\spring-cloud-starter\1.2.2.RELEASE\spring-cloud-starter-1.2.2.RELEASE.jar;E:\maven__responsity\org\springframework\cloud\spring-cloud-context\1.2.2.RELEASE\spring-cloud-context-1.2.2.RELEASE.jar;E:\maven__responsity\org\springframework\security\spring-security-rsa\1.0.3.RELEASE\spring-security-rsa-1.0.3.RELEASE.jar;E:\maven__responsity\org\bouncycastle\bcpkix-jdk15on\1.55\bcpkix-jdk15on-1.55.jar;E:\maven__responsity\org\bouncycastle\bcprov-jdk15on\1.55\bcprov-jdk15on-1.55.jar;E:\maven__responsity\org\springframework\cloud\spr
Launcher Type: SUN_STANDARD

Environment Variables:
JAVA_HOME=C:\Program Files\Java\jdk1.8.0_152
CLASSPATH=.;C:\Program Files\Java\jdk1.8.0_152\lib\dt.jar;C:\Program Files\Java\jdk1.8.0_152\lib\tools.jar;
PATH=C:/Program Files/Java/jre1.8.0_152/bin/server;C:/Program Files/Java/jre1.8.0_152/bin;C:/Program Files/Java/jre1.8.0_152/lib/amd64;E:\software\python\Scripts\;E:\software\python\;C:\ProgramData\Oracle\Java\javapath;C:\Windows\system32;C:\Windows;C:\Windows\System32\Wbem;C:\Windows\System32\WindowsPowerShell\v1.0\;C:\Program Files\Java\jdk1.8.0_152\bin;C:\Program Files\Java\jdk1.8.0_152\jre\bin;C:\Program Files\MySQL\MySQL Server 5.5\bin;E:\software\tomcat9\apache-tomcat-9.0.6\bin;E:\software\maven\apache-maven-3.5.3/bin;E:\software\mongo\bin;E:\software\protobuf\src;E:\software\svn\SVN-64位\svnServer\bin;;:\software\svn\SVN-64位\svnClient\bin;;E:\software\git_software\Git\cmd;C:\Users\Administrator\AppData\Local\GitHubDesktop\bin;C:\Users\Administrator\Desktop;
USERNAME=Administrator
OS=Windows_NT
PROCESSOR_IDENTIFIER=Intel64 Family 6 Model 60 Stepping 3, GenuineIntel



---------------  S Y S T E M  ---------------

OS: Windows 7 , 64 bit Build 7601 (6.1.7601.24308)

CPU:total 8 (initial active 8) (4 cores per cpu, 2 threads per core) family 6 model 60 stepping 3, cmov, cx8, fxsr, mmx, sse, sse2, sse3, ssse3, sse4.1, sse4.2, popcnt, avx, avx2, aes, clmul, erms, rtm, lzcnt, ht, tsc, tscinvbit, bmi1, bmi2

Memory: 4k page, physical 8340804k(992396k free), swap 11091416k(5128k free)

vm_info: Java HotSpot(TM) 64-Bit Server VM (25.152-b16) for windows-amd64 JRE (1.8.0_152-b16), built on Sep 14 2017 02:29:36 by "java_re" with MS VC++ 10.0 (VS2010)

time: Wed Jan 16 11:56:19 2019
elapsed time: 10 seconds (0d 0h 0m 10s)

