#
# There is insufficient memory for the Java Runtime Environment to continue.
# Native memory allocation (malloc) failed to allocate 32744 bytes for ChunkPool::allocate
# Possible reasons:
#   The system is out of physical RAM or swap space
#   In 32 bit mode, the process size limit was hit
# Possible solutions:
#   Reduce memory load on the system
#   Increase physical memory or swap space
#   Check if swap backing store is full
#   Use 64 bit Java on a 64 bit OS
#   Decrease Java heap size (-Xmx/-Xms)
#   Decrease number of Java threads
#   Decrease Java thread stack sizes (-Xss)
#   Set larger code cache with -XX:ReservedCodeCacheSize=
# This output file may be truncated or incomplete.
#
#  Out of Memory Error (allocation.cpp:273), pid=9780, tid=0x0000000000001c50
#
# JRE version: Java(TM) SE Runtime Environment (8.0_152-b16) (build 1.8.0_152-b16)
# Java VM: Java HotSpot(TM) 64-Bit Server VM (25.152-b16 mixed mode windows-amd64 compressed oops)
# Failed to write core dump. Minidumps are not enabled by default on client versions of Windows
#

---------------  T H R E A D  ---------------

Current thread (0x0000000058a1e000):  JavaThread "C2 CompilerThread1" daemon [_thread_in_native, id=7248, stack(0x000000005a350000,0x000000005a450000)]

Stack: [0x000000005a350000,0x000000005a450000]
[error occurred during error reporting (printing stack bounds), id 0xc0000005]

Native frames: (J=compiled Java code, j=interpreted, Vv=VM code, C=native code)


Current CompileTask:
C2:  68608 4995       4      
[error occurred during error reporting (printing current compile task), id 0xe0000001]


---------------  P R O C E S S  ---------------

Java Threads: ( => current thread )
  0x0000000060013000 JavaThread "hystrix-MICROSERVICECLOUD-DEPT-1" daemon [_thread_blocked, id=1436, stack(0x0000000067840000,0x0000000067940000)]
  0x0000000060012800 JavaThread "HystrixTimer-1" daemon [_thread_blocked, id=13408, stack(0x0000000066df0000,0x0000000066ef0000)]
  0x0000000060011800 JavaThread "RxComputationScheduler-1" daemon [_thread_blocked, id=10204, stack(0x0000000067600000,0x0000000067700000)]
  0x0000000060011000 JavaThread "RxIoScheduler-1 (Evictor)" daemon [_thread_blocked, id=11100, stack(0x00000000674f0000,0x00000000675f0000)]
  0x0000000060010000 JavaThread "RxScheduledExecutorPool-2" daemon [_thread_blocked, id=13744, stack(0x0000000067320000,0x0000000067420000)]
  0x000000006000f800 JavaThread "RxScheduledExecutorPool-1" daemon [_thread_blocked, id=10052, stack(0x0000000064e10000,0x0000000064f10000)]
  0x000000006000e800 JavaThread "DiscoveryClient-1" daemon [_thread_blocked, id=14236, stack(0x0000000059b50000,0x0000000059c50000)]
  0x000000006000e000 JavaThread "DiscoveryClient-CacheRefreshExecutor-0" daemon [_thread_blocked, id=13124, stack(0x0000000066f20000,0x0000000067020000)]
  0x000000006000d000 JavaThread "DestroyJavaVM" [_thread_blocked, id=1564, stack(0x0000000002580000,0x0000000002680000)]
  0x000000006000c800 JavaThread "http-nio-80-AsyncTimeout" daemon [_thread_blocked, id=13520, stack(0x0000000066cf0000,0x0000000066df0000)]
  0x000000006000b800 JavaThread "http-nio-80-Acceptor-0" daemon [_thread_in_native, id=10820, stack(0x0000000066af0000,0x0000000066bf0000)]
  0x000000006000b000 JavaThread "http-nio-80-ClientPoller-1" daemon [_thread_in_native, id=5316, stack(0x00000000666b0000,0x00000000667b0000)]
  0x000000006000a000 JavaThread "http-nio-80-ClientPoller-0" daemon [_thread_in_native, id=12900, stack(0x00000000668e0000,0x00000000669e0000)]
  0x0000000060009800 JavaThread "http-nio-80-exec-10" daemon [_thread_blocked, id=5684, stack(0x00000000667e0000,0x00000000668e0000)]
  0x0000000060008800 JavaThread "http-nio-80-exec-9" daemon [_thread_blocked, id=11992, stack(0x00000000662f0000,0x00000000663f0000)]
  0x0000000060008000 JavaThread "http-nio-80-exec-8" daemon [_thread_blocked, id=10812, stack(0x00000000665a0000,0x00000000666a0000)]
  0x0000000060007000 JavaThread "http-nio-80-exec-7" daemon [_thread_blocked, id=13272, stack(0x0000000063020000,0x0000000063120000)]
  0x0000000060006800 JavaThread "http-nio-80-exec-6" daemon [_thread_blocked, id=12188, stack(0x0000000066450000,0x0000000066550000)]
  0x0000000060005800 JavaThread "http-nio-80-exec-5" daemon [_thread_blocked, id=13592, stack(0x00000000661e0000,0x00000000662e0000)]
  0x0000000060005000 JavaThread "http-nio-80-exec-4" daemon [_thread_blocked, id=12256, stack(0x0000000064d10000,0x0000000064e10000)]
  0x0000000060004000 JavaThread "http-nio-80-exec-3" daemon [_thread_blocked, id=7596, stack(0x0000000062f20000,0x0000000063020000)]
  0x000000005c226000 JavaThread "http-nio-80-exec-2" daemon [_thread_blocked, id=13552, stack(0x0000000064b80000,0x0000000064c80000)]
  0x000000005c225800 JavaThread "http-nio-80-exec-1" daemon [_thread_in_native, id=9972, stack(0x0000000064530000,0x0000000064630000)]
  0x000000005c224800 JavaThread "NioBlockingSelector.BlockPoller-1" daemon [_thread_in_native, id=9704, stack(0x0000000064a70000,0x0000000064b70000)]
  0x000000005c224000 JavaThread "DiscoveryClient-0" daemon [_thread_blocked, id=14240, stack(0x0000000064930000,0x0000000064a30000)]
  0x000000005c223000 JavaThread "AsyncResolver-bootstrap-0" daemon [_thread_blocked, id=7604, stack(0x000000005cc20000,0x000000005cd20000)]
  0x000000005c222800 JavaThread "Eureka-JerseyClient-Conn-Cleaner2" daemon [_thread_blocked, id=11372, stack(0x0000000064830000,0x0000000064930000)]
  0x000000005c221800 JavaThread "Eureka-JerseyClient-Conn-Cleaner2" daemon [_thread_blocked, id=12580, stack(0x00000000646e0000,0x00000000647e0000)]
  0x000000005c221000 JavaThread "File Watcher" daemon [_thread_blocked, id=13192, stack(0x0000000062be0000,0x0000000062ce0000)]
  0x000000005c21f800 JavaThread "spring.cloud.inetutils" daemon [_thread_blocked, id=13688, stack(0x000000005ca00000,0x000000005cb00000)]
  0x000000005bf71800 JavaThread "container-0" [_thread_blocked, id=13296, stack(0x0000000061900000,0x0000000061a00000)]
  0x000000005ba2b800 JavaThread "ContainerBackgroundProcessor[StandardEngine[Tomcat]]" daemon [_thread_blocked, id=11140, stack(0x00000000617b0000,0x00000000618b0000)]
  0x0000000058ac1000 JavaThread "Service Thread" daemon [_thread_blocked, id=8976, stack(0x000000005a7a0000,0x000000005a8a0000)]
  0x0000000058a3b800 JavaThread "C1 CompilerThread3" daemon [_thread_blocked, id=9452, stack(0x000000005a510000,0x000000005a610000)]
  0x0000000058a23000 JavaThread "C2 CompilerThread2" daemon [_thread_in_native, id=12352, stack(0x000000005a250000,0x000000005a350000)]
=>0x0000000058a1e000 JavaThread "C2 CompilerThread1" daemon [_thread_in_native, id=7248, stack(0x000000005a350000,0x000000005a450000)]
  0x0000000058a18800 JavaThread "C2 CompilerThread0" daemon [_thread_blocked, id=12276, stack(0x000000005a080000,0x000000005a180000)]
  0x0000000058a11800 JavaThread "Attach Listener" daemon [_thread_blocked, id=13016, stack(0x0000000059f50000,0x000000005a050000)]
  0x0000000058a11000 JavaThread "Signal Dispatcher" daemon [_thread_blocked, id=10296, stack(0x0000000059dd0000,0x0000000059ed0000)]
  0x0000000057a54800 JavaThread "Finalizer" daemon [_thread_blocked, id=10504, stack(0x0000000059c60000,0x0000000059d60000)]
  0x0000000057a4c000 JavaThread "Reference Handler" daemon [_thread_blocked, id=14008, stack(0x0000000059a50000,0x0000000059b50000)]

Other Threads:
  0x00000000589a2000 VMThread [stack: 0x0000000059920000,0x0000000059a20000] [id=12644]
  0x0000000058acf000 WatcherThread [stack: 0x000000005a640000,0x000000005a740000] [id=12308]

VM state:not at safepoint (normal execution)

VM Mutex/Monitor currently owned by a thread: None

Heap:
 PSYoungGen      total 349696K, used 253206K [0x00000000d5900000, 0x00000000ecf00000, 0x0000000100000000)
  eden space 335872K, 75% used [0x00000000d5900000,0x00000000e50459f0,0x00000000ea100000)
  from space 13824K, 0% used [0x00000000eaf00000,0x00000000eaf00000,0x00000000ebc80000)
  to   space 14336K, 0% used [0x00000000ea100000,0x00000000ea100000,0x00000000eaf00000)
 ParOldGen       total 81920K, used 25065K [0x0000000080a00000, 0x0000000085a00000, 0x00000000d5900000)
  object space 81920K, 30% used [0x0000000080a00000,0x000000008227a788,0x0000000085a00000)
 Metaspace       used 45268K, capacity 45808K, committed 46208K, reserved 1089536K
  class space    used 5853K, capacity 6008K, committed 6016K, reserved 1048576K

Card table byte_map: [0x0000000011a40000,0x0000000011e40000] byte_map_base: 0x000000001163b000

Marking Bits: (ParMarkBitMap*) 0x000000005b1a0860
 Begin Bits: [0x0000000012cb0000, 0x0000000014c88000)
 End Bits:   [0x0000000014c88000, 0x0000000016c60000)

Polling page: 0x0000000000140000

CodeCache: size=245760Kb used=15332Kb max_used=15864Kb free=230427Kb
 bounds [0x0000000002680000, 0x0000000003620000, 0x0000000011680000]
 total_blobs=4603 nmethods=4114 adapters=401
 compilation: enabled

Compilation events (10 events):
Event: 68.575 Thread 0x0000000058a18800 nmethod 4994 0x0000000003058390 code [0x0000000003058500, 0x0000000003058758]
Event: 68.578 Thread 0x0000000058a1e000 4995       4       org.springframework.boot.bind.RelaxedNames::initialize (112 bytes)
Event: 68.582 Thread 0x0000000058a18800 4996       4       java.util.HashMap::keySet (25 bytes)
Event: 68.583 Thread 0x0000000058a18800 nmethod 4996 0x0000000002c1e2d0 code [0x0000000002c1e420, 0x0000000002c1e4f8]
Event: 68.586 Thread 0x0000000058a18800 4997       4       sun.net.www.ParseUtil::canonizeString (195 bytes)
Event: 68.590 Thread 0x0000000058a18800 nmethod 4997 0x0000000002c1f750 code [0x0000000002c1f8a0, 0x0000000002c1fb78]
Event: 68.593 Thread 0x0000000058a3b800 4998       3       rx.internal.operators.OperatorSkip$1::onNext (36 bytes)
Event: 68.593 Thread 0x0000000058a3b800 nmethod 4998 0x0000000002c20b10 code [0x0000000002c20c80, 0x0000000002c20f08]
Event: 68.593 Thread 0x0000000058a3b800 4999       3       java.util.ArrayDeque$DeqIterator::hasNext (17 bytes)
Event: 68.594 Thread 0x0000000058a3b800 nmethod 4999 0x0000000002d4af50 code [0x0000000002d4b0a0, 0x0000000002d4b250]

GC Heap History (10 events):
Event: 4.493 GC heap before
{Heap before GC invocations=8 (full 1):
 PSYoungGen      total 140800K, used 133120K [0x00000000d5900000, 0x00000000deb00000, 0x0000000100000000)
  eden space 133120K, 100% used [0x00000000d5900000,0x00000000ddb00000,0x00000000ddb00000)
  from space 7680K, 0% used [0x00000000de380000,0x00000000de380000,0x00000000deb00000)
  to   space 8192K, 0% used [0x00000000ddb00000,0x00000000ddb00000,0x00000000de300000)
 ParOldGen       total 49152K, used 6242K [0x0000000080a00000, 0x0000000083a00000, 0x00000000d5900000)
  object space 49152K, 12% used [0x0000000080a00000,0x0000000081018ba0,0x0000000083a00000)
 Metaspace       used 24046K, capacity 24338K, committed 24704K, reserved 1071104K
  class space    used 3033K, capacity 3117K, committed 3200K, reserved 1048576K
Event: 4.504 GC heap after
Heap after GC invocations=8 (full 1):
 PSYoungGen      total 141312K, used 5399K [0x00000000d5900000, 0x00000000e5200000, 0x0000000100000000)
  eden space 133120K, 0% used [0x00000000d5900000,0x00000000d5900000,0x00000000ddb00000)
  from space 8192K, 65% used [0x00000000ddb00000,0x00000000de045c80,0x00000000de300000)
  to   space 8192K, 0% used [0x00000000e4a00000,0x00000000e4a00000,0x00000000e5200000)
 ParOldGen       total 49152K, used 6250K [0x0000000080a00000, 0x0000000083a00000, 0x00000000d5900000)
  object space 49152K, 12% used [0x0000000080a00000,0x000000008101aba0,0x0000000083a00000)
 Metaspace       used 24046K, capacity 24338K, committed 24704K, reserved 1071104K
  class space    used 3033K, capacity 3117K, committed 3200K, reserved 1048576K
}
Event: 5.001 GC heap before
{Heap before GC invocations=9 (full 1):
 PSYoungGen      total 141312K, used 138519K [0x00000000d5900000, 0x00000000e5200000, 0x0000000100000000)
  eden space 133120K, 100% used [0x00000000d5900000,0x00000000ddb00000,0x00000000ddb00000)
  from space 8192K, 65% used [0x00000000ddb00000,0x00000000de045c80,0x00000000de300000)
  to   space 8192K, 0% used [0x00000000e4a00000,0x00000000e4a00000,0x00000000e5200000)
 ParOldGen       total 49152K, used 6250K [0x0000000080a00000, 0x0000000083a00000, 0x00000000d5900000)
  object space 49152K, 12% used [0x0000000080a00000,0x000000008101aba0,0x0000000083a00000)
 Metaspace       used 26917K, capacity 27248K, committed 27520K, reserved 1073152K
  class space    used 3373K, capacity 3454K, committed 3456K, reserved 1048576K
Event: 5.007 GC heap after
Heap after GC invocations=9 (full 1):
 PSYoungGen      total 241664K, used 7186K [0x00000000d5900000, 0x00000000e5180000, 0x0000000100000000)
  eden space 233984K, 0% used [0x00000000d5900000,0x00000000d5900000,0x00000000e3d80000)
  from space 7680K, 93% used [0x00000000e4a00000,0x00000000e5104860,0x00000000e5180000)
  to   space 8704K, 0% used [0x00000000e4080000,0x00000000e4080000,0x00000000e4900000)
 ParOldGen       total 49152K, used 6250K [0x0000000080a00000, 0x0000000083a00000, 0x00000000d5900000)
  object space 49152K, 12% used [0x0000000080a00000,0x000000008101aba0,0x0000000083a00000)
 Metaspace       used 26917K, capacity 27248K, committed 27520K, reserved 1073152K
  class space    used 3373K, capacity 3454K, committed 3456K, reserved 1048576K
}
Event: 6.898 GC heap before
{Heap before GC invocations=10 (full 1):
 PSYoungGen      total 241664K, used 241170K [0x00000000d5900000, 0x00000000e5180000, 0x0000000100000000)
  eden space 233984K, 100% used [0x00000000d5900000,0x00000000e3d80000,0x00000000e3d80000)
  from space 7680K, 93% used [0x00000000e4a00000,0x00000000e5104860,0x00000000e5180000)
  to   space 8704K, 0% used [0x00000000e4080000,0x00000000e4080000,0x00000000e4900000)
 ParOldGen       total 49152K, used 6250K [0x0000000080a00000, 0x0000000083a00000, 0x00000000d5900000)
  object space 49152K, 12% used [0x0000000080a00000,0x000000008101aba0,0x0000000083a00000)
 Metaspace       used 33429K, capacity 33884K, committed 34304K, reserved 1079296K
  class space    used 4165K, capacity 4279K, committed 4352K, reserved 1048576K
Event: 6.926 GC heap after
Heap after GC invocations=10 (full 1):
 PSYoungGen      total 245760K, used 8700K [0x00000000d5900000, 0x00000000ebc80000, 0x0000000100000000)
  eden space 237056K, 0% used [0x00000000d5900000,0x00000000d5900000,0x00000000e4080000)
  from space 8704K, 99% used [0x00000000e4080000,0x00000000e48ff1b0,0x00000000e4900000)
  to   space 13824K, 0% used [0x00000000eaf00000,0x00000000eaf00000,0x00000000ebc80000)
 ParOldGen       total 49152K, used 17890K [0x0000000080a00000, 0x0000000083a00000, 0x00000000d5900000)
  object space 49152K, 36% used [0x0000000080a00000,0x0000000081b788f8,0x0000000083a00000)
 Metaspace       used 33429K, capacity 33884K, committed 34304K, reserved 1079296K
  class space    used 4165K, capacity 4279K, committed 4352K, reserved 1048576K
}
Event: 7.253 GC heap before
{Heap before GC invocations=11 (full 1):
 PSYoungGen      total 245760K, used 85332K [0x00000000d5900000, 0x00000000ebc80000, 0x0000000100000000)
  eden space 237056K, 32% used [0x00000000d5900000,0x00000000da3d6158,0x00000000e4080000)
  from space 8704K, 99% used [0x00000000e4080000,0x00000000e48ff1b0,0x00000000e4900000)
  to   space 13824K, 0% used [0x00000000eaf00000,0x00000000eaf00000,0x00000000ebc80000)
 ParOldGen       total 49152K, used 17890K [0x0000000080a00000, 0x0000000083a00000, 0x00000000d5900000)
  object space 49152K, 36% used [0x0000000080a00000,0x0000000081b788f8,0x0000000083a00000)
 Metaspace       used 34897K, capacity 35304K, committed 35456K, reserved 1081344K
  class space    used 4365K, capacity 4473K, committed 4480K, reserved 1048576K
Event: 7.295 GC heap after
Heap after GC invocations=11 (full 1):
 PSYoungGen      total 349696K, used 9545K [0x00000000d5900000, 0x00000000ecf00000, 0x0000000100000000)
  eden space 335872K, 0% used [0x00000000d5900000,0x00000000d5900000,0x00000000ea100000)
  from space 13824K, 69% used [0x00000000eaf00000,0x00000000eb852488,0x00000000ebc80000)
  to   space 14336K, 0% used [0x00000000ea100000,0x00000000ea100000,0x00000000eaf00000)
 ParOldGen       total 49152K, used 20902K [0x0000000080a00000, 0x0000000083a00000, 0x00000000d5900000)
  object space 49152K, 42% used [0x0000000080a00000,0x0000000081e69928,0x0000000083a00000)
 Metaspace       used 34897K, capacity 35304K, committed 35456K, reserved 1081344K
  class space    used 4365K, capacity 4473K, committed 4480K, reserved 1048576K
}
Event: 7.295 GC heap before
{Heap before GC invocations=12 (full 2):
 PSYoungGen      total 349696K, used 9545K [0x00000000d5900000, 0x00000000ecf00000, 0x0000000100000000)
  eden space 335872K, 0% used [0x00000000d5900000,0x00000000d5900000,0x00000000ea100000)
  from space 13824K, 69% used [0x00000000eaf00000,0x00000000eb852488,0x00000000ebc80000)
  to   space 14336K, 0% used [0x00000000ea100000,0x00000000ea100000,0x00000000eaf00000)
 ParOldGen       total 49152K, used 20902K [0x0000000080a00000, 0x0000000083a00000, 0x00000000d5900000)
  object space 49152K, 42% used [0x0000000080a00000,0x0000000081e69928,0x0000000083a00000)
 Metaspace       used 34897K, capacity 35304K, committed 35456K, reserved 1081344K
  class space    used 4365K, capacity 4473K, committed 4480K, reserved 1048576K
Event: 7.411 GC heap after
Heap after GC invocations=12 (full 2):
 PSYoungGen      total 349696K, used 0K [0x00000000d5900000, 0x00000000ecf00000, 0x0000000100000000)
  eden space 335872K, 0% used [0x00000000d5900000,0x00000000d5900000,0x00000000ea100000)
  from space 13824K, 0% used [0x00000000eaf00000,0x00000000eaf00000,0x00000000ebc80000)
  to   space 14336K, 0% used [0x00000000ea100000,0x00000000ea100000,0x00000000eaf00000)
 ParOldGen       total 81920K, used 25065K [0x0000000080a00000, 0x0000000085a00000, 0x00000000d5900000)
  object space 81920K, 30% used [0x0000000080a00000,0x000000008227a788,0x0000000085a00000)
 Metaspace       used 34897K, capacity 35304K, committed 35456K, reserved 1081344K
  class space    used 4365K, capacity 4473K, committed 4480K, reserved 1048576K
}

Deoptimization events (10 events):
Event: 8.366 Thread 0x000000005bc4b000 Uncommon trap: reason=unstable_if action=reinterpret pc=0x0000000002e4ed70 method=java.util.concurrent.ConcurrentHashMap.putVal(Ljava/lang/Object;Ljava/lang/Object;Z)Ljava/lang/Object; @ 331
Event: 8.942 Thread 0x000000005bc4b000 Uncommon trap: reason=unstable_if action=reinterpret pc=0x00000000031092c0 method=org.springframework.asm.Type.getArgumentsAndReturnSizes(Ljava/lang/String;)I @ 47
Event: 8.942 Thread 0x000000005bc4b000 Uncommon trap: reason=unstable_if action=reinterpret pc=0x000000000286303c method=org.springframework.asm.MethodWriter.visitFrame(Lorg/springframework/asm/Frame;)V @ 100
Event: 8.963 Thread 0x000000005bc4b000 Uncommon trap: reason=unstable_if action=reinterpret pc=0x0000000003470a6c method=org.springframework.core.ResolvableType.resolveType()Lorg/springframework/core/ResolvableType; @ 109
Event: 8.967 Thread 0x000000005bc4b000 Uncommon trap: reason=null_check action=make_not_entrant pc=0x0000000003588834 method=org.springframework.core.annotation.AnnotatedElementUtils.searchWithFindSemantics(Ljava/lang/reflect/AnnotatedElement;Ljava/lang/Class;Ljava/lang/String;Ljava/lang/Class
Event: 36.093 Thread 0x000000005ba2b800 Uncommon trap: reason=bimorphic action=maybe_recompile pc=0x00000000027dc36c method=java.util.AbstractCollection.addAll(Ljava/util/Collection;)Z @ 29
Event: 48.847 Thread 0x000000005c225800 Uncommon trap: reason=unstable_if action=reinterpret pc=0x0000000002f2e3d8 method=java.io.WinNTFileSystem.isLetter(C)Z @ 3
Event: 66.094 Thread 0x000000005ba2b800 Uncommon trap: reason=bimorphic action=maybe_recompile pc=0x00000000027dc36c method=java.util.AbstractCollection.addAll(Ljava/util/Collection;)Z @ 29
Event: 68.501 Thread 0x0000000060013000 Uncommon trap: reason=unstable_if action=reinterpret pc=0x00000000031a5f8c method=sun.misc.Resource.getBytes()[B @ 197
Event: 68.584 Thread 0x000000005c225800 Uncommon trap: reason=bimorphic action=maybe_recompile pc=0x00000000030a7b3c method=java.util.Collections$UnmodifiableMap.containsKey(Ljava/lang/Object;)Z @ 5

Classes redefined (0 events):
No events

Internal exceptions (10 events):
Event: 48.868 Thread 0x000000005c225800 Exception <a 'java/lang/ClassNotFoundException': org/springframework/web/servlet/ThemeResolverCustomizer> (0x00000000e29d9508) thrown at [C:\re\workspace\8-2-build-windows-amd64-cygwin\jdk8u152\9742\hotspot\src\share\vm\classfile\systemDictionary.cpp, lin
Event: 48.870 Thread 0x000000005c225800 Exception <a 'java/lang/ClassNotFoundException': java/lang/ObjectCustomizer> (0x00000000e2a0b958) thrown at [C:\re\workspace\8-2-build-windows-amd64-cygwin\jdk8u152\9742\hotspot\src\share\vm\classfile\systemDictionary.cpp, line 210]
Event: 48.871 Thread 0x000000005c225800 Exception <a 'java/lang/ClassNotFoundException': org/springframework/web/servlet/view/DefaultRequestToViewNameTranslatorCustomizer> (0x00000000e2a3f178) thrown at [C:\re\workspace\8-2-build-windows-amd64-cygwin\jdk8u152\9742\hotspot\src\share\vm\classfile
Event: 48.872 Thread 0x000000005c225800 Exception <a 'java/lang/ClassNotFoundException': org/springframework/web/servlet/RequestToViewNameTranslatorCustomizer> (0x00000000e2a7c480) thrown at [C:\re\workspace\8-2-build-windows-amd64-cygwin\jdk8u152\9742\hotspot\src\share\vm\classfile\systemDicti
Event: 48.874 Thread 0x000000005c225800 Exception <a 'java/lang/ClassNotFoundException': java/lang/ObjectCustomizer> (0x00000000e2ad31f8) thrown at [C:\re\workspace\8-2-build-windows-amd64-cygwin\jdk8u152\9742\hotspot\src\share\vm\classfile\systemDictionary.cpp, line 210]
Event: 48.875 Thread 0x000000005c225800 Exception <a 'java/lang/ClassNotFoundException': org/springframework/web/servlet/support/AbstractFlashMapManagerCustomizer> (0x00000000e2b03850) thrown at [C:\re\workspace\8-2-build-windows-amd64-cygwin\jdk8u152\9742\hotspot\src\share\vm\classfile\systemD
Event: 48.876 Thread 0x000000005c225800 Exception <a 'java/lang/ClassNotFoundException': org/springframework/web/servlet/support/SessionFlashMapManagerCustomizer> (0x00000000e2b37cd8) thrown at [C:\re\workspace\8-2-build-windows-amd64-cygwin\jdk8u152\9742\hotspot\src\share\vm\classfile\systemDi
Event: 48.876 Thread 0x000000005c225800 Exception <a 'java/lang/ClassNotFoundException': org/springframework/web/servlet/FlashMapManagerCustomizer> (0x00000000e2b61220) thrown at [C:\re\workspace\8-2-build-windows-amd64-cygwin\jdk8u152\9742\hotspot\src\share\vm\classfile\systemDictionary.cpp, l
Event: 50.247 Thread 0x000000005c225800 Exception <a 'java/lang/reflect/InvocationTargetException'> (0x00000000e2f9bcc0) thrown at [C:\re\workspace\8-2-build-windows-amd64-cygwin\jdk8u152\9742\hotspot\src\share\vm\runtime\reflection.cpp, line 1092]
Event: 68.534 Thread 0x000000005c225800 Exception <a 'java/lang/reflect/InvocationTargetException'> (0x00000000e47b3da0) thrown at [C:\re\workspace\8-2-build-windows-amd64-cygwin\jdk8u152\9742\hotspot\src\share\vm\runtime\reflection.cpp, line 1092]

Events (10 events):
Event: 68.590 loading class org/springframework/expression/spel/ast/SpelNodeImpl done
Event: 68.590 loading class org/springframework/expression/spel/SpelNode
Event: 68.590 loading class org/springframework/expression/spel/SpelNode done
Event: 68.590 Thread 0x0000000058a18800 flushing nmethod 0x0000000002d4ae10
Event: 68.591 Thread 0x0000000058a18800 flushing nmethod 0x0000000002da3f90
Event: 68.591 loading class org/springframework/expression/spel/ast/NullLiteral
Event: 68.591 loading class org/springframework/expression/spel/ast/NullLiteral done
Event: 68.591 loading class org/springframework/expression/spel/ast/Literal
Event: 68.591 loading class org/springframework/expression/spel/ast/Literal done
Event: 68.593 Thread 0x0000000058a3b800 flushing nmethod 0x0000000002e338d0


Dynamic libraries:
0x000000013fbe0000 - 0x000000013fc17000 	C:\Program Files\Java\jre1.8.0_152\bin\javaw.exe
0x0000000076fa0000 - 0x000000007713f000 	C:\Windows\SYSTEM32\ntdll.dll
0x0000000076d80000 - 0x0000000076e9f000 	C:\Windows\system32\kernel32.dll
0x000007fefcec0000 - 0x000007fefcf2a000 	C:\Windows\system32\KERNELBASE.dll
0x000007fefd1b0000 - 0x000007fefd28b000 	C:\Windows\system32\ADVAPI32.dll
0x000007fefd800000 - 0x000007fefd89f000 	C:\Windows\system32\msvcrt.dll
0x000007feff270000 - 0x000007feff28f000 	C:\Windows\SYSTEM32\sechost.dll
0x000007fefd3a0000 - 0x000007fefd4cd000 	C:\Windows\system32\RPCRT4.dll
0x0000000076ea0000 - 0x0000000076f9a000 	C:\Windows\system32\USER32.dll
0x000007fefd0c0000 - 0x000007fefd127000 	C:\Windows\system32\GDI32.dll
0x000007fefd030000 - 0x000007fefd03e000 	C:\Windows\system32\LPK.dll
0x000007feff1a0000 - 0x000007feff26b000 	C:\Windows\system32\USP10.dll
0x000007fefb820000 - 0x000007fefba14000 	C:\Windows\WinSxS\amd64_microsoft.windows.common-controls_6595b64144ccf1df_6.0.7601.18837_none_fa3b1e3d17594757\COMCTL32.dll
0x000007fefd130000 - 0x000007fefd1a1000 	C:\Windows\system32\SHLWAPI.dll
0x000007fefdc70000 - 0x000007fefdc9e000 	C:\Windows\system32\IMM32.DLL
0x000007fefd290000 - 0x000007fefd399000 	C:\Windows\system32\MSCTF.dll
0x0000000077950000 - 0x0000000077a22000 	C:\Program Files\Java\jre1.8.0_152\bin\msvcr100.dll
0x000000005a980000 - 0x000000005b220000 	C:\Program Files\Java\jre1.8.0_152\bin\server\jvm.dll
0x000007fef8b30000 - 0x000007fef8b39000 	C:\Windows\system32\WSOCK32.dll
0x000007fefd7a0000 - 0x000007fefd7ed000 	C:\Windows\system32\WS2_32.dll
0x000007fefd7f0000 - 0x000007fefd7f8000 	C:\Windows\system32\NSI.dll
0x000007fefad90000 - 0x000007fefadcb000 	C:\Windows\system32\WINMM.dll
0x000007fefbd40000 - 0x000007fefbd4c000 	C:\Windows\system32\VERSION.dll
0x0000000077150000 - 0x0000000077157000 	C:\Windows\system32\PSAPI.DLL
0x000000005a970000 - 0x000000005a97f000 	C:\Program Files\Java\jre1.8.0_152\bin\verify.dll
0x000000005a940000 - 0x000000005a969000 	C:\Program Files\Java\jre1.8.0_152\bin\java.dll
0x000000005a920000 - 0x000000005a936000 	C:\Program Files\Java\jre1.8.0_152\bin\zip.dll
0x000007fefe190000 - 0x000007fefef1a000 	C:\Windows\system32\SHELL32.dll
0x000007fefdd00000 - 0x000007fefdeff000 	C:\Windows\system32\ole32.dll
0x000007fefcc70000 - 0x000007fefcc7f000 	C:\Windows\system32\profapi.dll
0x00000000021d0000 - 0x00000000021ea000 	C:\Program Files\Java\jre1.8.0_152\bin\net.dll
0x000007fefc410000 - 0x000007fefc465000 	C:\Windows\system32\mswsock.dll
0x000007fefc400000 - 0x000007fefc407000 	C:\Windows\System32\wship6.dll
0x000007fef9920000 - 0x000007fef9947000 	C:\Windows\system32\IPHLPAPI.DLL
0x000007fef9910000 - 0x000007fef991b000 	C:\Windows\system32\WINNSI.DLL
0x000007fef97d0000 - 0x000007fef97e1000 	C:\Windows\system32\dhcpcsvc6.DLL
0x000007fef97b0000 - 0x000007fef97c8000 	C:\Windows\system32\dhcpcsvc.DLL
0x000007fefc290000 - 0x000007fefc2eb000 	C:\Windows\system32\DNSAPI.dll
0x000000006f000000 - 0x000000006f026000 	C:\Program Files\Bonjour\mdnsNSP.dll
0x000007fefbe10000 - 0x000007fefbe17000 	C:\Windows\System32\wshtcpip.dll
0x000007fef7180000 - 0x000007fef7188000 	C:\Windows\system32\rasadhlp.dll
0x000007fef98a0000 - 0x000007fef98f3000 	C:\Windows\System32\fwpuclnt.dll
0x000000006f490000 - 0x000000006f49d000 	C:\Program Files\Java\jre1.8.0_152\bin\management.dll
0x000007fefa980000 - 0x000007fefa995000 	C:\Windows\system32\NLAapi.dll
0x000007fef7cc0000 - 0x000007fef7cd5000 	C:\Windows\system32\napinsp.dll
0x000007fef7be0000 - 0x000007fef7bf9000 	C:\Windows\system32\pnrpnsp.dll
0x000007fef7b60000 - 0x000007fef7b6b000 	C:\Windows\System32\winrnr.dll
0x0000000002300000 - 0x0000000002311000 	C:\Program Files\Java\jre1.8.0_152\bin\nio.dll
0x000007fefc470000 - 0x000007fefc487000 	C:\Windows\system32\CRYPTSP.dll
0x000007fefc170000 - 0x000007fefc1b7000 	C:\Windows\system32\rsaenh.dll
0x000007fefce30000 - 0x000007fefce4e000 	C:\Windows\system32\USERENV.dll
0x000007fefcb10000 - 0x000007fefcb1f000 	C:\Windows\system32\CRYPTBASE.dll
0x0000000002340000 - 0x0000000002364000 	C:\Program Files\Java\jre1.8.0_152\bin\sunec.dll

VM Arguments:
jvm_args: -Dfile.encoding=utf-8 
java_command: com.atguigu.springcloud.DeptConsumer80_Feign_App
java_class_path (initial): C:\Program Files\Java\jre1.8.0_152\lib\resources.jar;C:\Program Files\Java\jre1.8.0_152\lib\rt.jar;C:\Program Files\Java\jre1.8.0_152\lib\jsse.jar;C:\Program Files\Java\jre1.8.0_152\lib\jce.jar;C:\Program Files\Java\jre1.8.0_152\lib\charsets.jar;C:\Program Files\Java\jre1.8.0_152\lib\jfr.jar;C:\Program Files\Java\jre1.8.0_152\lib\ext\access-bridge-64.jar;C:\Program Files\Java\jre1.8.0_152\lib\ext\cldrdata.jar;C:\Program Files\Java\jre1.8.0_152\lib\ext\dnsns.jar;C:\Program Files\Java\jre1.8.0_152\lib\ext\jaccess.jar;C:\Program Files\Java\jre1.8.0_152\lib\ext\jfxrt.jar;C:\Program Files\Java\jre1.8.0_152\lib\ext\localedata.jar;C:\Program Files\Java\jre1.8.0_152\lib\ext\nashorn.jar;C:\Program Files\Java\jre1.8.0_152\lib\ext\sunec.jar;C:\Program Files\Java\jre1.8.0_152\lib\ext\sunjce_provider.jar;C:\Program Files\Java\jre1.8.0_152\lib\ext\sunmscapi.jar;C:\Program Files\Java\jre1.8.0_152\lib\ext\sunpkcs11.jar;C:\Program Files\Java\jre1.8.0_152\lib\ext\zipfs.jar;F:\BaiduNetdiskDownload\codes\微服务架构源码1\microservicecloud\microservicecloud-consumer-dept-feign\target\classes;F:\BaiduNetdiskDownload\codes\微服务架构源码\microservicecloud\microservicecloud-api\target\classes;E:\maven__responsity\org\projectlombok\lombok\1.16.18\lombok-1.16.18.jar;E:\maven__responsity\org\springframework\cloud\spring-cloud-starter-feign\1.3.1.RELEASE\spring-cloud-starter-feign-1.3.1.RELEASE.jar;E:\maven__responsity\org\springframework\cloud\spring-cloud-starter\1.2.2.RELEASE\spring-cloud-starter-1.2.2.RELEASE.jar;E:\maven__responsity\org\springframework\cloud\spring-cloud-context\1.2.2.RELEASE\spring-cloud-context-1.2.2.RELEASE.jar;E:\maven__responsity\org\springframework\security\spring-security-rsa\1.0.3.RELEASE\spring-security-rsa-1.0.3.RELEASE.jar;E:\maven__responsity\org\bouncycastle\bcpkix-jdk15on\1.55\bcpkix-jdk15on-1.55.jar;E:\maven__responsity\org\bouncycastle\bcprov-jdk15on\1.55\bcprov-jdk15on-1.55.jar;E:\maven__responsity\org\springframework\cloud\spr
Launcher Type: SUN_STANDARD

Environment Variables:
JAVA_HOME=C:\Program Files\Java\jdk1.8.0_152
CLASSPATH=.;C:\Program Files\Java\jdk1.8.0_152\lib\dt.jar;C:\Program Files\Java\jdk1.8.0_152\lib\tools.jar;
PATH=C:/Program Files/Java/jre1.8.0_152/bin/server;C:/Program Files/Java/jre1.8.0_152/bin;C:/Program Files/Java/jre1.8.0_152/lib/amd64;E:\software\python\Scripts\;E:\software\python\;C:\ProgramData\Oracle\Java\javapath;C:\Windows\system32;C:\Windows;C:\Windows\System32\Wbem;C:\Windows\System32\WindowsPowerShell\v1.0\;C:\Program Files\Java\jdk1.8.0_152\bin;C:\Program Files\Java\jdk1.8.0_152\jre\bin;C:\Program Files\MySQL\MySQL Server 5.5\bin;E:\software\tomcat9\apache-tomcat-9.0.6\bin;E:\software\maven\apache-maven-3.5.3/bin;E:\software\mongo\bin;E:\software\protobuf\src;E:\software\svn\SVN-64位\svnServer\bin;;:\software\svn\SVN-64位\svnClient\bin;;E:\software\git_software\Git\cmd;C:\Users\Administrator\AppData\Local\GitHubDesktop\bin;C:\Users\Administrator\Desktop;
USERNAME=Administrator
OS=Windows_NT
PROCESSOR_IDENTIFIER=Intel64 Family 6 Model 60 Stepping 3, GenuineIntel



---------------  S Y S T E M  ---------------

OS: Windows 7 , 64 bit Build 7601 (6.1.7601.24308)

CPU:total 8 (initial active 8) (4 cores per cpu, 2 threads per core) family 6 model 60 stepping 3, cmov, cx8, fxsr, mmx, sse, sse2, sse3, ssse3, sse4.1, sse4.2, popcnt, avx, avx2, aes, clmul, erms, rtm, lzcnt, ht, tsc, tscinvbit, bmi1, bmi2

Memory: 4k page, physical 8340804k(1380764k free), swap 11091416k(4960k free)

vm_info: Java HotSpot(TM) 64-Bit Server VM (25.152-b16) for windows-amd64 JRE (1.8.0_152-b16), built on Sep 14 2017 02:29:36 by "java_re" with MS VC++ 10.0 (VS2010)

time: Wed Jan 16 11:57:50 2019
elapsed time: 68 seconds (0d 0h 1m 8s)

